#
# There is insufficient memory for the Java Runtime Environment to continue.
# Native memory allocation (mmap) failed to map 257949696 bytes. Error detail: G1 virtual space
# Possible reasons:
#   The system is out of physical RAM or swap space
#   This process is running with CompressedOops enabled, and the Java Heap may be blocking the growth of the native heap
# Possible solutions:
#   Reduce memory load on the system
#   Increase physical memory or swap space
#   Check if swap backing store is full
#   Decrease Java heap size (-Xmx/-Xms)
#   Decrease number of Java threads
#   Decrease Java thread stack sizes (-Xss)
#   Set larger code cache with -XX:ReservedCodeCacheSize=
#   JVM is running with Zero Based Compressed Oops mode in which the Java heap is
#     placed in the first 32GB address space. The Java Heap base address is the
#     maximum limit for the native heap growth. Please use -XX:HeapBaseMinAddress
#     to set the Java Heap base and to place the Java Heap above 32GB virtual address.
# This output file may be truncated or incomplete.
#
#  Out of Memory Error (os_windows.cpp:3613), pid=20360, tid=27140
#
# JRE version:  (17.0.11+9) (build )
# Java VM: OpenJDK 64-Bit Server VM (17.0.11+9-LTS, mixed mode, emulated-client, sharing, tiered, compressed oops, compressed class ptrs, g1 gc, windows-amd64)
# No core dump will be written. Minidumps are not enabled by default on client versions of Windows
#

---------------  S U M M A R Y ------------

Command Line: -XX:TieredStopAtLevel=1 -Dspring.output.ansi.enabled=always -Dcom.sun.management.jmxremote -Dspring.jmx.enabled=true -Dspring.liveBeansView.mbeanDomain -Dspring.application.admin.enabled=true -Dmanagement.endpoints.jmx.exposure.include=* -javaagent:E:\IntelliJ IDEA 2023.3.4\lib\idea_rt.jar=11331:E:\IntelliJ IDEA 2023.3.4\bin -Dfile.encoding=UTF-8 com.ssafy.fullerting.FullertingApplication

Host: AMD Ryzen 5 5500U with Radeon Graphics         , 12 cores, 15G,  Windows 11 , 64 bit Build 22000 (10.0.22000.2538)
Time: Wed Feb 26 22:49:53 2025  Windows 11 , 64 bit Build 22000 (10.0.22000.2538) elapsed time: 0.027182 seconds (0d 0h 0m 0s)

---------------  T H R E A D  ---------------

Current thread (0x00000293b48960a0):  JavaThread "Unknown thread" [_thread_in_vm, id=27140, stack(0x000000f69e900000,0x000000f69ea00000)]

Stack: [0x000000f69e900000,0x000000f69ea00000]
Native frames: (J=compiled Java code, j=interpreted, Vv=VM code, C=native code)
V  [jvm.dll+0x67d009]
V  [jvm.dll+0x83489a]
V  [jvm.dll+0x83635e]
V  [jvm.dll+0x8369c3]
V  [jvm.dll+0x2479df]
V  [jvm.dll+0x679e49]
V  [jvm.dll+0x66e8ba]
V  [jvm.dll+0x30755b]
V  [jvm.dll+0x30ea06]
V  [jvm.dll+0x35e40e]
V  [jvm.dll+0x35e63f]
V  [jvm.dll+0x2de298]
V  [jvm.dll+0x2df204]
V  [jvm.dll+0x806221]
V  [jvm.dll+0x36c161]
V  [jvm.dll+0x7e4c56]
V  [jvm.dll+0x3ef9cf]
V  [jvm.dll+0x3f1521]
C  [jli.dll+0x528f]
C  [ucrtbase.dll+0x26c0c]
C  [KERNEL32.DLL+0x153e0]
C  [ntdll.dll+0x485b]


---------------  P R O C E S S  ---------------

Threads class SMR info:
_java_thread_list=0x00007ffec657eed8, length=0, elements={
}

Java Threads: ( => current thread )

Other Threads:
  0x00000293b48ff3d0 GCTaskThread "GC Thread#0" [stack: 0x000000f69ea00000,0x000000f69eb00000] [id=3712]
  0x00000293b49117f0 ConcurrentGCThread "G1 Main Marker" [stack: 0x000000f69eb00000,0x000000f69ec00000] [id=26352]
  0x00000293b4912110 ConcurrentGCThread "G1 Conc#0" [stack: 0x000000f69ec00000,0x000000f69ed00000] [id=4356]

[error occurred during error reporting (printing all threads), id 0xc0000005, EXCEPTION_ACCESS_VIOLATION (0xc0000005) at pc=0x00007ffec5d3ecd7]

VM state: not at safepoint (not fully initialized)

VM Mutex/Monitor currently owned by a thread:  ([mutex/lock_event])
[0x00000293b4890dc0] Heap_lock - owner thread: 0x00000293b48960a0

Heap address: 0x000000070a400000, size: 3932 MB, Compressed Oops mode: Zero based, Oop shift amount: 3

CDS archive(s) mapped at: [0x0000000000000000-0x0000000000000000-0x0000000000000000), size 0, SharedBaseAddress: 0x0000000800000000, ArchiveRelocationMode: 1.
Narrow klass base: 0x0000000000000000, Narrow klass shift: 0, Narrow klass range: 0x0

GC Precious Log:
<Empty>

Heap:
 garbage-first heap   total 0K, used 0K [0x000000070a400000, 0x0000000800000000)
  region size 2048K, 0 young (0K), 0 survivors (0K)

[error occurred during error reporting (printing heap information), id 0xc0000005, EXCEPTION_ACCESS_VIOLATION (0xc0000005) at pc=0x00007ffec6126d29]

GC Heap History (0 events):
No events

Dll operation events (1 events):
Event: 0.017 Loaded shared library C:\Users\junho\.jdks\corretto-17.0.11\bin\java.dll

Deoptimization events (0 events):
No events

Classes unloaded (0 events):
No events

Classes redefined (0 events):
No events

Internal exceptions (0 events):
No events

VM Operations (0 events):
No events

Events (0 events):
No events


Dynamic libraries:
0x00007ff6c0a10000 - 0x00007ff6c0a1e000 	C:\Users\junho\.jdks\corretto-17.0.11\bin\java.exe
0x00007fff80b20000 - 0x00007fff80d29000 	C:\WINDOWS\SYSTEM32\ntdll.dll
0x00007fff7f4b0000 - 0x00007fff7f56d000 	C:\WINDOWS\System32\KERNEL32.DLL
0x00007fff7e1d0000 - 0x00007fff7e554000 	C:\WINDOWS\System32\KERNELBASE.dll
0x00007fff7e600000 - 0x00007fff7e711000 	C:\WINDOWS\System32\ucrtbase.dll
0x00007fff7bb40000 - 0x00007fff7bb5b000 	C:\Users\junho\.jdks\corretto-17.0.11\bin\VCRUNTIME140.dll
0x00007fff7bc60000 - 0x00007fff7bc77000 	C:\Users\junho\.jdks\corretto-17.0.11\bin\jli.dll
0x00007fff800b0000 - 0x00007fff8025d000 	C:\WINDOWS\System32\USER32.dll
0x00007fff7e030000 - 0x00007fff7e056000 	C:\WINDOWS\System32\win32u.dll
0x00007fff7fc00000 - 0x00007fff7fc2a000 	C:\WINDOWS\System32\GDI32.dll
0x00007fff7e720000 - 0x00007fff7e83e000 	C:\WINDOWS\System32\gdi32full.dll
0x00007fff7e560000 - 0x00007fff7e5fd000 	C:\WINDOWS\System32\msvcp_win.dll
0x00007fff6ab00000 - 0x00007fff6ada5000 	C:\WINDOWS\WinSxS\amd64_microsoft.windows.common-controls_6595b64144ccf1df_6.0.22000.120_none_9d947278b86cc467\COMCTL32.dll
0x00007fff7f570000 - 0x00007fff7f613000 	C:\WINDOWS\System32\msvcrt.dll
0x00007fff7eb80000 - 0x00007fff7ebb1000 	C:\WINDOWS\System32\IMM32.DLL
0x00007fff7bc50000 - 0x00007fff7bc5c000 	C:\Users\junho\.jdks\corretto-17.0.11\bin\vcruntime140_1.dll
0x00007fff47520000 - 0x00007fff475ad000 	C:\Users\junho\.jdks\corretto-17.0.11\bin\msvcp140.dll
0x00007ffec5a50000 - 0x00007ffec66b2000 	C:\Users\junho\.jdks\corretto-17.0.11\bin\server\jvm.dll
0x00007fff807e0000 - 0x00007fff8088e000 	C:\WINDOWS\System32\ADVAPI32.dll
0x00007fff7ebc0000 - 0x00007fff7ec5e000 	C:\WINDOWS\System32\sechost.dll
0x00007fff805e0000 - 0x00007fff80701000 	C:\WINDOWS\System32\RPCRT4.dll
0x00007fff61d40000 - 0x00007fff61d49000 	C:\WINDOWS\SYSTEM32\WSOCK32.dll
0x00007fff808b0000 - 0x00007fff8091f000 	C:\WINDOWS\System32\WS2_32.dll
0x00007fff7d240000 - 0x00007fff7d28d000 	C:\WINDOWS\SYSTEM32\POWRPROF.dll
0x00007fff73f40000 - 0x00007fff73f4a000 	C:\WINDOWS\SYSTEM32\VERSION.dll
0x00007fff7bad0000 - 0x00007fff7bb03000 	C:\WINDOWS\SYSTEM32\WINMM.dll
0x00007fff7d220000 - 0x00007fff7d233000 	C:\WINDOWS\SYSTEM32\UMPDC.dll
0x00007fff7d090000 - 0x00007fff7d0a8000 	C:\WINDOWS\SYSTEM32\kernel.appcore.dll
0x00007fff7bb30000 - 0x00007fff7bb3a000 	C:\Users\junho\.jdks\corretto-17.0.11\bin\jimage.dll
0x00007fff7b830000 - 0x00007fff7ba51000 	C:\WINDOWS\SYSTEM32\DBGHELP.DLL
0x00007fff7ba90000 - 0x00007fff7bac1000 	C:\WINDOWS\SYSTEM32\dbgcore.DLL
0x00007fff7dfb0000 - 0x00007fff7e02f000 	C:\WINDOWS\System32\bcryptPrimitives.dll
0x00007fff6a530000 - 0x00007fff6a53e000 	C:\Users\junho\.jdks\corretto-17.0.11\bin\instrument.dll
0x00007fff7b7a0000 - 0x00007fff7b7c5000 	C:\Users\junho\.jdks\corretto-17.0.11\bin\java.dll

dbghelp: loaded successfully - version: 4.0.5 - missing functions: none
symbol engine: initialized successfully - sym options: 0x614 - pdb path: .;C:\Users\junho\.jdks\corretto-17.0.11\bin;C:\WINDOWS\SYSTEM32;C:\WINDOWS\WinSxS\amd64_microsoft.windows.common-controls_6595b64144ccf1df_6.0.22000.120_none_9d947278b86cc467;C:\Users\junho\.jdks\corretto-17.0.11\bin\server

VM Arguments:
jvm_args: -XX:TieredStopAtLevel=1 -Dspring.output.ansi.enabled=always -Dcom.sun.management.jmxremote -Dspring.jmx.enabled=true -Dspring.liveBeansView.mbeanDomain -Dspring.application.admin.enabled=true -Dmanagement.endpoints.jmx.exposure.include=* -javaagent:E:\IntelliJ IDEA 2023.3.4\lib\idea_rt.jar=11331:E:\IntelliJ IDEA 2023.3.4\bin -Dfile.encoding=UTF-8 
java_command: com.ssafy.fullerting.FullertingApplication
java_class_path (initial): E:\fullerting2\backend\build\classes\java\main;E:\fullerting2\backend\build\resources\main;C:\Users\junho\.gradle\caches\modules-2\files-2.1\org.projectlombok\lombok\1.18.30\f195ee86e6c896ea47a1d39defbe20eb59cd149d\lombok-1.18.30.jar;C:\Users\junho\.gradle\caches\modules-2\files-2.1\org.springframework.kafka\spring-kafka\3.1.2\a7a304f5debd5673d4176c760efe4e248b4e548d\spring-kafka-3.1.2.jar;C:\Users\junho\.gradle\caches\modules-2\files-2.1\org.springframework.boot\spring-boot-starter-data-jpa\3.2.3\1fd0770b23c57627e5a37726fb4060f5bfa4da6f\spring-boot-starter-data-jpa-3.2.3.jar;C:\Users\junho\.gradle\caches\modules-2\files-2.1\org.springframework.boot\spring-boot-starter-websocket\3.2.3\343ca88da40fbd06b6d4b3d4b86fb1bdc5d80a09\spring-boot-starter-websocket-3.2.3.jar;C:\Users\junho\.gradle\caches\modules-2\files-2.1\org.springframework.boot\spring-boot-starter-web\3.2.3\bf2b775d4f4e6349129c64de30939a5493779706\spring-boot-starter-web-3.2.3.jar;C:\Users\junho\.gradle\caches\modules-2\files-2.1\org.springframework.boot\spring-boot-starter-oauth2-client\3.2.3\870f5a2f66abb297d1685c32c778cc2d61540964\spring-boot-starter-oauth2-client-3.2.3.jar;C:\Users\junho\.gradle\caches\modules-2\files-2.1\org.springframework.boot\spring-boot-starter-validation\3.2.3\6bb79fe1a0760b5cec37bd85e31bd4cc987c8185\spring-boot-starter-validation-3.2.3.jar;C:\Users\junho\.gradle\caches\modules-2\files-2.1\org.springframework.boot\spring-boot-starter-data-redis\3.2.3\b07dd082914fcfd987daf65ecf63b4fa2783ea42\spring-boot-starter-data-redis-3.2.3.jar;C:\Users\junho\.gradle\caches\modules-2\files-2.1\io.jsonwebtoken\jjwt-api\0.11.5\f742940045619d06383e7df37b21ac422b476cf1\jjwt-api-0.11.5.jar;C:\Users\junho\.gradle\caches\modules-2\files-2.1\org.springframework.boot\spring-boot-starter-data-mongodb\3.2.3\f694a3e4b7cf60003cdb152a19b0fd3fdec11c60\spring-boot-starter-data-mongodb-3.2.3.jar;C:\Users\junho\.gradle\caches\modules-2\files-2.1\org.springdoc\springdoc-openapi-start
Launcher Type: SUN_STANDARD

[Global flags]
     intx CICompilerCount                          = 4                                         {product} {ergonomic}
     uint ConcGCThreads                            = 3                                         {product} {ergonomic}
     uint G1ConcRefinementThreads                  = 10                                        {product} {ergonomic}
   size_t G1HeapRegionSize                         = 2097152                                   {product} {ergonomic}
    uintx GCDrainStackTargetSize                   = 64                                        {product} {ergonomic}
   size_t InitialHeapSize                          = 257949696                                 {product} {ergonomic}
     bool ManagementServer                         = true                                      {product} {command line}
   size_t MarkStackSize                            = 4194304                                   {product} {ergonomic}
   size_t MaxHeapSize                              = 4123000832                                {product} {ergonomic}
   size_t MinHeapDeltaBytes                        = 2097152                                   {product} {ergonomic}
   size_t MinHeapSize                              = 8388608                                   {product} {ergonomic}
    uintx NonProfiledCodeHeapSize                  = 0                                      {pd product} {ergonomic}
     bool ProfileInterpreter                       = false                                  {pd product} {command line}
    uintx ProfiledCodeHeapSize                     = 0                                      {pd product} {ergonomic}
   size_t SoftMaxHeapSize                          = 4123000832                             {manageable} {ergonomic}
     intx TieredStopAtLevel                        = 1                                         {product} {command line}
     bool UseCompressedClassPointers               = true                           {product lp64_product} {ergonomic}
     bool UseCompressedOops                        = true                           {product lp64_product} {ergonomic}
     bool UseG1GC                                  = true                                      {product} {ergonomic}
     bool UseLargePagesIndividualAllocation        = false                                  {pd product} {ergonomic}

Logging:
Log output configuration:
 #0: stdout all=warning uptime,level,tags
 #1: stderr all=off uptime,level,tags

Environment Variables:
CLASSPATH=%JAVA_HOME%\lib
PATH=C:\Program Files\Python313;C:\Program Files\Python313\Scripts;E:\Appdata\Roaming\Microsoft;C:\Program Files (x86)\Embarcadero\Studio\23.0\bin;C:\Users\Public\Documents\Embarcadero\Studio\23.0\Bpl;C:\Program Files (x86)\Embarcadero\Studio\23.0\bin64;C:\Users\Public\Documents\Embarcadero\Studio\23.0\Bpl\Win64;C:\Program Files\MySQL;E:\node.exe;E:\mynode\;C:\ProgramData\chocolatey\bin;search-ms:displayname=Samsung_T5%20(E%3A)의%20검색%20결과&crumb=location:E%3A%5C\Python311;C:\Program Files\dotnet\;C:\Program Files\Docker\Docker\resources\bin;D:\Users\junho\Downloads\gradle-8.10.2-all\gradle-8.10.2;D:\Users\junho\Downloads;E:\Appdata\Roaming\Python\Python313\Scripts;C:\Program Files\MySQL\MySQL Shell 8.0\bin\;E:\node.exe;apache-maven-3.9.5-bin\apache-maven-3.9.5\bin;C:\Users\junho\Downloads\apache-maven-3.9.5-bin\apache-maven-3.9.5\bin;C:\Program Files\Java\jdk-11.0.15\bin;C:\Program Files\MySQL\MySQL Server 8.0\bin;C:\app\junho\product\21c\dbhomeXE\bin;app\junho\product\21c\dbhomeXE\bin;C:\httpd-2.4.53-win64-VS16\Apache24\bin;C:\Program Files\Common Files\Oracle\Java\javapath;C:\WINDOWS\system32;C:\WINDOWS;C:\WINDOWS\System32\Wbem;C:\WINDOWS\System32\WindowsPowerShell\v1.0\;C:\WINDOWS\System32\OpenSSH\;C:\Program Files\Git\cmd;C:\Program Files\dotnet\;C:\Program Files\Microsoft SQL Server\130\Tools\Binn\;C:\Program Files\Microsoft SQL Server\Client SDK\ODBC\170\Tools\Binn\;C:\Users\junho\Downloads\openjdk-17.0.2_windows-x64_bin\jdk-17.0.2\bin;C:\Program Files\Java\jdk-17.0.2\bin;C:\AutoSet10\Server\conf\;C:\AutoSet10\Server\bin\;D:\openssl-0.9.8e_X64\bin;C:\Program Files (x86)\Microsoft SQL Server\150\DTS\Binn\;C:\Program Files\Azure Data Studio\bin;C:\Program Files (x86)\Micro;C:\Users\junho\AppData\Roaming\npm;E:\Microsoft VS Code\bin;
USERNAME=junho
TMPDIR=C:\Users\Public\Documents\ESTsoft\CreatorTemp
OS=Windows_NT
PROCESSOR_IDENTIFIER=AMD64 Family 23 Model 104 Stepping 1, AuthenticAMD
TMP=C:\Users\junho\AppData\Local\Temp
TEMP=C:\Users\junho\AppData\Local\Temp



Periodic native trim disabled


---------------  S Y S T E M  ---------------

OS:
 Windows 11 , 64 bit Build 22000 (10.0.22000.2538)
OS uptime: 1 days 14:24 hours
Hyper-V role detected

CPU: total 12 (initial active 12) (12 cores per cpu, 2 threads per core) family 23 model 104 stepping 1 microcode 0x0, cx8, cmov, fxsr, ht, mmx, 3dnowpref, sse, sse2, sse3, ssse3, sse4a, sse4.1, sse4.2, popcnt, lzcnt, tsc, tscinvbit, avx, avx2, aes, clmul, bmi1, bmi2, adx, sha, fma, vzeroupper, clflush, clflushopt, hv
Processor Information for processor 0
  Max Mhz: 2100, Current Mhz: 1988, Mhz Limit: 2100
Processor Information for processor 1
  Max Mhz: 2100, Current Mhz: 1988, Mhz Limit: 2100
Processor Information for processor 2
  Max Mhz: 2100, Current Mhz: 1988, Mhz Limit: 2100
Processor Information for processor 3
  Max Mhz: 2100, Current Mhz: 2100, Mhz Limit: 2100
Processor Information for processor 4
  Max Mhz: 2100, Current Mhz: 1988, Mhz Limit: 2100
Processor Information for processor 5
  Max Mhz: 2100, Current Mhz: 1988, Mhz Limit: 2100
Processor Information for processor 6
  Max Mhz: 2100, Current Mhz: 2100, Mhz Limit: 2100
Processor Information for processor 7
  Max Mhz: 2100, Current Mhz: 1988, Mhz Limit: 2100
Processor Information for processor 8
  Max Mhz: 2100, Current Mhz: 1988, Mhz Limit: 2100
Processor Information for processor 9
  Max Mhz: 2100, Current Mhz: 1988, Mhz Limit: 2100
Processor Information for processor 10
  Max Mhz: 2100, Current Mhz: 1988, Mhz Limit: 2100
Processor Information for processor 11
  Max Mhz: 2100, Current Mhz: 2100, Mhz Limit: 2100

Memory: 4k page, system-wide physical 15720M (541M free)
TotalPageFile size 44051M (AvailPageFile size 230M)
current process WorkingSet (physical memory assigned to process): 11M, peak: 11M
current process commit charge ("private bytes"): 59M, peak: 305M

vm_info: OpenJDK 64-Bit Server VM (17.0.11+9-LTS) for windows-amd64 JRE (17.0.11+9-LTS), built on Apr 10 2024 22:12:24 by "Administrator" with MS VC++ 16.10 / 16.11 (VS2019)

END.
