#
# There is insufficient memory for the Java Runtime Environment to continue.
# Native memory allocation (mmap) failed to map 218103808 bytes for G1 virtual space
# Possible reasons:
#   The system is out of physical RAM or swap space
#   The process is running with CompressedOops enabled, and the Java Heap may be blocking the growth of the native heap
# Possible solutions:
#   Reduce memory load on the system
#   Increase physical memory or swap space
#   Check if swap backing store is full
#   Decrease Java heap size (-Xmx/-Xms)
#   Decrease number of Java threads
#   Decrease Java thread stack sizes (-Xss)
#   Set larger code cache with -XX:ReservedCodeCacheSize=
#   JVM is running with Zero Based Compressed Oops mode in which the Java heap is
#     placed in the first 32GB address space. The Java Heap base address is the
#     maximum limit for the native heap growth. Please use -XX:HeapBaseMinAddress
#     to set the Java Heap base and to place the Java Heap above 32GB virtual address.
# This output file may be truncated or incomplete.
#
#  Out of Memory Error (os_windows.cpp:3548), pid=331956, tid=23188
#
# JRE version: Java(TM) SE Runtime Environment (17.0.12+8) (build 17.0.12+8-LTS-286)
# Java VM: Java HotSpot(TM) 64-Bit Server VM (17.0.12+8-LTS-286, mixed mode, emulated-client, sharing, tiered, compressed oops, compressed class ptrs, g1 gc, windows-amd64)
# No core dump will be written. Minidumps are not enabled by default on client versions of Windows
#

---------------  S U M M A R Y ------------

Command Line: -XX:TieredStopAtLevel=1 -Dspring.output.ansi.enabled=always -Dcom.sun.management.jmxremote -Dspring.jmx.enabled=true -Dspring.liveBeansView.mbeanDomain -Dspring.application.admin.enabled=true -Dmanagement.endpoints.jmx.exposure.include=* -javaagent:C:\Program Files\JetBrains\IntelliJ IDEA 2024.3\lib\idea_rt.jar=63157:C:\Program Files\JetBrains\IntelliJ IDEA 2024.3\bin -Dfile.encoding=UTF-8 com.ssafy.fullerting.FullertingApplication

Host: Intel(R) Core(TM) Ultra 5 125H, 18 cores, 15G,  Windows 11 , 64 bit Build 26100 (10.0.26100.3323)
Time: Wed Apr  9 10:20:19 2025  Windows 11 , 64 bit Build 26100 (10.0.26100.3323) elapsed time: 36.936545 seconds (0d 0h 0m 36s)

---------------  T H R E A D  ---------------

Current thread (0x0000026def3c4e80):  VMThread "VM Thread" [stack: 0x000000e34cd00000,0x000000e34ce00000] [id=23188]

Stack: [0x000000e34cd00000,0x000000e34ce00000]
Native frames: (J=compiled Java code, j=interpreted, Vv=VM code, C=native code)
V  [jvm.dll+0x67a04a]
V  [jvm.dll+0x7da4ed]
V  [jvm.dll+0x7dbe33]
V  [jvm.dll+0x7dc4a3]
V  [jvm.dll+0x24508f]
V  [jvm.dll+0x677089]
V  [jvm.dll+0x66bd32]
V  [jvm.dll+0x301fa6]
V  [jvm.dll+0x309546]
V  [jvm.dll+0x359d2e]
V  [jvm.dll+0x359f5f]
V  [jvm.dll+0x2d9078]
V  [jvm.dll+0x2d74ad]
V  [jvm.dll+0x2d6afc]
V  [jvm.dll+0x31a65b]
V  [jvm.dll+0x7e0d9b]
V  [jvm.dll+0x7e1ad4]
V  [jvm.dll+0x7e1fed]
V  [jvm.dll+0x7e23c4]
V  [jvm.dll+0x7e2490]
V  [jvm.dll+0x78abea]
V  [jvm.dll+0x678f35]
C  [ucrtbase.dll+0x37b0]
C  [KERNEL32.DLL+0x2e8d7]
C  [ntdll.dll+0xbbf6c]

VM_Operation (0x000000e3501fe6f0): G1CollectForAllocation, mode: safepoint, requested by thread 0x0000026df65811c0


---------------  P R O C E S S  ---------------

Threads class SMR info:
_java_thread_list=0x0000026df7614700, length=55, elements={
0x0000026dd7d6ccb0, 0x0000026def3cc040, 0x0000026def3cd770, 0x0000026def3ed6b0,
0x0000026def3f0180, 0x0000026def3f0b40, 0x0000026def3f1500, 0x0000026def3f1f70,
0x0000026def3f82b0, 0x0000026def4d9500, 0x0000026def4e7390, 0x0000026def4ec8b0,
0x0000026df48e15e0, 0x0000026df48e1ed0, 0x0000026df4a10070, 0x0000026df4a90270,
0x0000026df4a85d30, 0x0000026df4ace2c0, 0x0000026df503ce40, 0x0000026df50c57a0,
0x0000026df50c4d80, 0x0000026df50c70f0, 0x0000026df50c4360, 0x0000026df50c4870,
0x0000026df50c5290, 0x0000026df65820f0, 0x0000026df6583a40, 0x0000026df6582600,
0x0000026df6582b10, 0x0000026df6583f50, 0x0000026df6580cb0, 0x0000026df65811c0,
0x0000026df65807a0, 0x0000026df6584970, 0x0000026df6584460, 0x0000026df6584e80,
0x0000026df65816d0, 0x0000026df6585390, 0x0000026df6581be0, 0x0000026df6585db0,
0x0000026df65871f0, 0x0000026df65858a0, 0x0000026df65862c0, 0x0000026df65867d0,
0x0000026df6587700, 0x0000026df6587c10, 0x0000026df6586ce0, 0x0000026df6588120,
0x0000026df76f70a0, 0x0000026df76f7fd0, 0x0000026df76f75b0, 0x0000026df76f9e30,
0x0000026df76f9920, 0x0000026df76fa340, 0x0000026df76f84e0
}

Java Threads: ( => current thread )
  0x0000026dd7d6ccb0 JavaThread "main" [_thread_blocked, id=255608, stack(0x000000e34c700000,0x000000e34c800000)]
  0x0000026def3cc040 JavaThread "Reference Handler" daemon [_thread_blocked, id=56300, stack(0x000000e34ce00000,0x000000e34cf00000)]
  0x0000026def3cd770 JavaThread "Finalizer" daemon [_thread_blocked, id=139040, stack(0x000000e34cf00000,0x000000e34d000000)]
  0x0000026def3ed6b0 JavaThread "Signal Dispatcher" daemon [_thread_blocked, id=231564, stack(0x000000e34d000000,0x000000e34d100000)]
  0x0000026def3f0180 JavaThread "Attach Listener" daemon [_thread_blocked, id=323616, stack(0x000000e34d100000,0x000000e34d200000)]
  0x0000026def3f0b40 JavaThread "Service Thread" daemon [_thread_blocked, id=361636, stack(0x000000e34d200000,0x000000e34d300000)]
  0x0000026def3f1500 JavaThread "Monitor Deflation Thread" daemon [_thread_blocked, id=347652, stack(0x000000e34d300000,0x000000e34d400000)]
  0x0000026def3f1f70 JavaThread "C1 CompilerThread0" daemon [_thread_blocked, id=116208, stack(0x000000e34d400000,0x000000e34d500000)]
  0x0000026def3f82b0 JavaThread "Sweeper thread" daemon [_thread_blocked, id=382992, stack(0x000000e34d500000,0x000000e34d600000)]
  0x0000026def4d9500 JavaThread "Common-Cleaner" daemon [_thread_blocked, id=79960, stack(0x000000e34d600000,0x000000e34d700000)]
  0x0000026def4e7390 JavaThread "C1 CompilerThread1" daemon [_thread_blocked, id=317356, stack(0x000000e34d700000,0x000000e34d800000)]
  0x0000026def4ec8b0 JavaThread "C1 CompilerThread2" daemon [_thread_blocked, id=61552, stack(0x000000e34d800000,0x000000e34d900000)]
  0x0000026df48e15e0 JavaThread "Monitor Ctrl-Break" daemon [_thread_in_native, id=145200, stack(0x000000e34d900000,0x000000e34da00000)]
  0x0000026df48e1ed0 JavaThread "Notification Thread" daemon [_thread_blocked, id=199352, stack(0x000000e34da00000,0x000000e34db00000)]
  0x0000026df4a10070 JavaThread "RMI TCP Accept-0" daemon [_thread_in_native, id=244568, stack(0x000000e34e100000,0x000000e34e200000)]
  0x0000026df4a90270 JavaThread "RMI TCP Connection(1)-192.168.0.66" daemon [_thread_blocked, id=224528, stack(0x000000e34e200000,0x000000e34e300000)]
  0x0000026df4a85d30 JavaThread "RMI Scheduler(0)" daemon [_thread_blocked, id=409928, stack(0x000000e34e400000,0x000000e34e500000)]
  0x0000026df4ace2c0 JavaThread "JMX server connection timeout 28" daemon [_thread_blocked, id=280560, stack(0x000000e34e500000,0x000000e34e600000)]
  0x0000026df503ce40 JavaThread "RMI TCP Connection(2)-192.168.0.66" daemon [_thread_blocked, id=246552, stack(0x000000e34ee00000,0x000000e34ef00000)]
  0x0000026df50c57a0 JavaThread "mysql-cj-abandoned-connection-cleanup" daemon [_thread_blocked, id=180628, stack(0x000000e34ea00000,0x000000e34eb00000)]
  0x0000026df50c4d80 JavaThread "HikariPool-1 housekeeper" daemon [_thread_blocked, id=106524, stack(0x000000e34f500000,0x000000e34f600000)]
  0x0000026df50c70f0 JavaThread "Thread-1" daemon [_thread_in_native, id=54044, stack(0x000000e34ef00000,0x000000e34f000000)]
  0x0000026df50c4360 JavaThread "lettuce-timer-3-1" daemon [_thread_blocked, id=88716, stack(0x000000e34f600000,0x000000e34f700000)]
  0x0000026df50c4870 JavaThread "Catalina-utility-1" [_thread_blocked, id=214812, stack(0x000000e34f700000,0x000000e34f800000)]
  0x0000026df50c5290 JavaThread "Catalina-utility-2" [_thread_blocked, id=184496, stack(0x000000e34f800000,0x000000e34f900000)]
  0x0000026df65820f0 JavaThread "container-0" [_thread_blocked, id=241736, stack(0x000000e34f900000,0x000000e34fa00000)]
  0x0000026df6583a40 JavaThread "java-sdk-http-connection-reaper" daemon [_thread_blocked, id=86124, stack(0x000000e34fa00000,0x000000e34fb00000)]
  0x0000026df6582600 JavaThread "boundedElastic-evictor-1" daemon [_thread_blocked, id=427344, stack(0x000000e34fd00000,0x000000e34fe00000)]
  0x0000026df6582b10 JavaThread "ClassGraph-worker-108" daemon [_thread_blocked, id=131764, stack(0x000000e34fe00000,0x000000e34ff00000)]
  0x0000026df6583f50 JavaThread "ClassGraph-worker-109" daemon [_thread_blocked, id=285600, stack(0x000000e34ff00000,0x000000e350000000)]
  0x0000026df6580cb0 JavaThread "ClassGraph-worker-110" daemon [_thread_blocked, id=249204, stack(0x000000e350000000,0x000000e350100000)]
  0x0000026df65811c0 JavaThread "ClassGraph-worker-111" daemon [_thread_blocked, id=378832, stack(0x000000e350100000,0x000000e350200000)]
  0x0000026df65807a0 JavaThread "ClassGraph-worker-112" daemon [_thread_blocked, id=410040, stack(0x000000e350200000,0x000000e350300000)]
  0x0000026df6584970 JavaThread "ClassGraph-worker-113" daemon [_thread_blocked, id=322672, stack(0x000000e350300000,0x000000e350400000)]
  0x0000026df6584460 JavaThread "ClassGraph-worker-114" daemon [_thread_blocked, id=387576, stack(0x000000e350400000,0x000000e350500000)]
  0x0000026df6584e80 JavaThread "ClassGraph-worker-115" daemon [_thread_blocked, id=446684, stack(0x000000e350500000,0x000000e350600000)]
  0x0000026df65816d0 JavaThread "ClassGraph-worker-116" daemon [_thread_blocked, id=263884, stack(0x000000e350600000,0x000000e350700000)]
  0x0000026df6585390 JavaThread "ClassGraph-worker-117" daemon [_thread_blocked, id=416400, stack(0x000000e350700000,0x000000e350800000)]
  0x0000026df6581be0 JavaThread "ClassGraph-worker-118" daemon [_thread_blocked, id=71252, stack(0x000000e350800000,0x000000e350900000)]
  0x0000026df6585db0 JavaThread "ClassGraph-worker-119" daemon [_thread_blocked, id=369204, stack(0x000000e350900000,0x000000e350a00000)]
  0x0000026df65871f0 JavaThread "ClassGraph-worker-120" daemon [_thread_blocked, id=339292, stack(0x000000e350a00000,0x000000e350b00000)]
  0x0000026df65858a0 JavaThread "ClassGraph-worker-121" daemon [_thread_blocked, id=226964, stack(0x000000e350b00000,0x000000e350c00000)]
  0x0000026df65862c0 JavaThread "ClassGraph-worker-122" daemon [_thread_blocked, id=175224, stack(0x000000e350c00000,0x000000e350d00000)]
  0x0000026df65867d0 JavaThread "ClassGraph-worker-123" daemon [_thread_blocked, id=191540, stack(0x000000e350d00000,0x000000e350e00000)]
  0x0000026df6587700 JavaThread "ClassGraph-worker-124" daemon [_thread_blocked, id=395588, stack(0x000000e350e00000,0x000000e350f00000)]
  0x0000026df6587c10 JavaThread "ClassGraph-worker-125" daemon [_thread_blocked, id=329808, stack(0x000000e350f00000,0x000000e351000000)]
  0x0000026df6586ce0 JavaThread "ClassGraph-worker-126" daemon [_thread_blocked, id=334400, stack(0x000000e351000000,0x000000e351100000)]
  0x0000026df6588120 JavaThread "ClassGraph-worker-127" daemon [_thread_blocked, id=283660, stack(0x000000e351100000,0x000000e351200000)]
  0x0000026df76f70a0 JavaThread "ClassGraph-worker-128" daemon [_thread_blocked, id=413824, stack(0x000000e351200000,0x000000e351300000)]
  0x0000026df76f7fd0 JavaThread "ClassGraph-worker-129" daemon [_thread_blocked, id=320872, stack(0x000000e351300000,0x000000e351400000)]
  0x0000026df76f75b0 JavaThread "ClassGraph-worker-130" daemon [_thread_blocked, id=41080, stack(0x000000e351400000,0x000000e351500000)]
  0x0000026df76f9e30 JavaThread "ClassGraph-worker-131" daemon [_thread_blocked, id=274864, stack(0x000000e351500000,0x000000e351600000)]
  0x0000026df76f9920 JavaThread "ClassGraph-worker-132" daemon [_thread_blocked, id=101232, stack(0x000000e351600000,0x000000e351700000)]
  0x0000026df76fa340 JavaThread "ClassGraph-worker-133" daemon [_thread_blocked, id=370324, stack(0x000000e351700000,0x000000e351800000)]
  0x0000026df76f84e0 JavaThread "ClassGraph-worker-134" daemon [_thread_blocked, id=175900, stack(0x000000e351800000,0x000000e351900000)]

Other Threads:
=>0x0000026def3c4e80 VMThread "VM Thread" [stack: 0x000000e34cd00000,0x000000e34ce00000] [id=23188]
  0x0000026df497f3f0 WatcherThread [stack: 0x000000e34e300000,0x000000e34e400000] [id=45000]
  0x0000026dd7dda760 GCTaskThread "GC Thread#0" [stack: 0x000000e34c800000,0x000000e34c900000] [id=335344]
  0x0000026df498cec0 GCTaskThread "GC Thread#1" [stack: 0x000000e34db00000,0x000000e34dc00000] [id=279704]
  0x0000026df49a9520 GCTaskThread "GC Thread#2" [stack: 0x000000e34dc00000,0x000000e34dd00000] [id=316580]
  0x0000026df49a97e0 GCTaskThread "GC Thread#3" [stack: 0x000000e34dd00000,0x000000e34de00000] [id=392532]
  0x0000026df49a9aa0 GCTaskThread "GC Thread#4" [stack: 0x000000e34de00000,0x000000e34df00000] [id=63324]
  0x0000026df49a9d60 GCTaskThread "GC Thread#5" [stack: 0x000000e34df00000,0x000000e34e000000] [id=173932]
  0x0000026df49d4bd0 GCTaskThread "GC Thread#6" [stack: 0x000000e34e000000,0x000000e34e100000] [id=343388]
  0x0000026df4b5de90 GCTaskThread "GC Thread#7" [stack: 0x000000e34e600000,0x000000e34e700000] [id=299664]
  0x0000026df4b5e410 GCTaskThread "GC Thread#8" [stack: 0x000000e34e700000,0x000000e34e800000] [id=388068]
  0x0000026df4b5e6d0 GCTaskThread "GC Thread#9" [stack: 0x000000e34e800000,0x000000e34e900000] [id=259900]
  0x0000026df4b5d910 GCTaskThread "GC Thread#10" [stack: 0x000000e34eb00000,0x000000e34ec00000] [id=311504]
  0x0000026df4b5d390 GCTaskThread "GC Thread#11" [stack: 0x000000e34ec00000,0x000000e34ed00000] [id=194676]
  0x0000026df4b5cb50 GCTaskThread "GC Thread#12" [stack: 0x000000e34ed00000,0x000000e34ee00000] [id=313560]
  0x0000026df4b5d650 GCTaskThread "GC Thread#13" [stack: 0x000000e34f000000,0x000000e34f100000] [id=156424]
  0x0000026dd7deb080 ConcurrentGCThread "G1 Main Marker" [stack: 0x000000e34c900000,0x000000e34ca00000] [id=245216]
  0x0000026dd7deba90 ConcurrentGCThread "G1 Conc#0" [stack: 0x000000e34ca00000,0x000000e34cb00000] [id=71280]
  0x0000026df4b5dbd0 ConcurrentGCThread "G1 Conc#1" [stack: 0x000000e34f100000,0x000000e34f200000] [id=249448]
  0x0000026df4b5e150 ConcurrentGCThread "G1 Conc#2" [stack: 0x000000e34f200000,0x000000e34f300000] [id=268296]
  0x0000026df55d4960 ConcurrentGCThread "G1 Conc#3" [stack: 0x000000e34f300000,0x000000e34f400000] [id=23648]
  0x0000026dd7e3ec50 ConcurrentGCThread "G1 Refine#0" [stack: 0x000000e34cb00000,0x000000e34cc00000] [id=216740]
  0x0000026def27fc20 ConcurrentGCThread "G1 Service" [stack: 0x000000e34cc00000,0x000000e34cd00000] [id=206244]

Threads with active compile tasks:

VM state: at safepoint (normal execution)

VM Mutex/Monitor currently owned by a thread:  ([mutex/lock_event])
[0x0000026dd7d6abd0] Threads_lock - owner thread: 0x0000026def3c4e80
[0x0000026dd7d69430] Heap_lock - owner thread: 0x0000026df65811c0

Heap address: 0x0000000706200000, size: 3998 MB, Compressed Oops mode: Zero based, Oop shift amount: 3

CDS archive(s) mapped at: [0x0000026d80000000-0x0000026d80bd0000-0x0000026d80bd0000), size 12386304, SharedBaseAddress: 0x0000026d80000000, ArchiveRelocationMode: 1.
Compressed class space mapped at: 0x0000026d81000000-0x0000026dc1000000, reserved size: 1073741824
Narrow klass base: 0x0000026d80000000, Narrow klass shift: 0, Narrow klass range: 0x100000000

GC Precious Log:
 CPUs: 18 total, 18 available
 Memory: 15989M
 Large Page Support: Disabled
 NUMA Support: Disabled
 Compressed Oops: Enabled (Zero based)
 Heap Region Size: 2M
 Heap Min Capacity: 8M
 Heap Initial Capacity: 250M
 Heap Max Capacity: 3998M
 Pre-touch: Disabled
 Parallel Workers: 14
 Concurrent Workers: 4
 Concurrent Refinement Workers: 14
 Periodic GC: Disabled

Heap:
 garbage-first heap   total 256000K, used 83226K [0x0000000706200000, 0x0000000800000000)
  region size 2048K, 1 young (2048K), 1 survivors (2048K)
 Metaspace       used 92022K, committed 92736K, reserved 1179648K
  class space    used 13308K, committed 13632K, reserved 1048576K

Heap Regions: E=young(eden), S=young(survivor), O=old, HS=humongous(starts), HC=humongous(continues), CS=collection set, F=free, OA=open archive, CA=closed archive, TAMS=top-at-mark-start (previous, next)
|   0|0x0000000706200000, 0x0000000706400000, 0x0000000706400000|100%| O|  |TAMS 0x0000000706400000, 0x0000000706200000| Untracked 
|   1|0x0000000706400000, 0x0000000706600000, 0x0000000706600000|100%| O|  |TAMS 0x0000000706600000, 0x0000000706400000| Untracked 
|   2|0x0000000706600000, 0x0000000706800000, 0x0000000706800000|100%| O|  |TAMS 0x0000000706800000, 0x0000000706600000| Untracked 
|   3|0x0000000706800000, 0x0000000706a00000, 0x0000000706a00000|100%| O|  |TAMS 0x0000000706a00000, 0x0000000706800000| Untracked 
|   4|0x0000000706a00000, 0x0000000706c00000, 0x0000000706c00000|100%| O|  |TAMS 0x0000000706c00000, 0x0000000706a00000| Untracked 
|   5|0x0000000706c00000, 0x0000000706e00000, 0x0000000706e00000|100%| O|  |TAMS 0x0000000706e00000, 0x0000000706c00000| Untracked 
|   6|0x0000000706e00000, 0x0000000706f56600, 0x0000000707000000| 66%| O|  |TAMS 0x0000000706f56600, 0x0000000706e00000| Untracked 
|   7|0x0000000707000000, 0x0000000707200000, 0x0000000707200000|100%| O|  |TAMS 0x0000000707200000, 0x0000000707000000| Untracked 
|   8|0x0000000707200000, 0x0000000707400000, 0x0000000707400000|100%| O|  |TAMS 0x0000000707400000, 0x0000000707200000| Untracked 
|   9|0x0000000707400000, 0x0000000707600000, 0x0000000707600000|100%| O|  |TAMS 0x0000000707600000, 0x0000000707400000| Untracked 
|  10|0x0000000707600000, 0x0000000707800000, 0x0000000707800000|100%| O|  |TAMS 0x0000000707800000, 0x0000000707600000| Untracked 
|  11|0x0000000707800000, 0x0000000707a00000, 0x0000000707a00000|100%| O|  |TAMS 0x0000000707800000, 0x0000000707800000| Untracked 
|  12|0x0000000707a00000, 0x0000000707c00000, 0x0000000707c00000|100%| O|  |TAMS 0x0000000707c00000, 0x0000000707a00000| Untracked 
|  13|0x0000000707c00000, 0x0000000707e00000, 0x0000000707e00000|100%| O|  |TAMS 0x0000000707e00000, 0x0000000707c00000| Untracked 
|  14|0x0000000707e00000, 0x0000000708000000, 0x0000000708000000|100%| O|  |TAMS 0x0000000708000000, 0x0000000707e00000| Untracked 
|  15|0x0000000708000000, 0x0000000708200000, 0x0000000708200000|100%| O|  |TAMS 0x0000000708200000, 0x0000000708000000| Untracked 
|  16|0x0000000708200000, 0x0000000708400000, 0x0000000708400000|100%| O|  |TAMS 0x0000000708400000, 0x0000000708200000| Untracked 
|  17|0x0000000708400000, 0x0000000708600000, 0x0000000708600000|100%| O|  |TAMS 0x0000000708600000, 0x0000000708400000| Untracked 
|  18|0x0000000708600000, 0x0000000708800000, 0x0000000708800000|100%| O|  |TAMS 0x0000000708800000, 0x0000000708600000| Untracked 
|  19|0x0000000708800000, 0x0000000708a00000, 0x0000000708a00000|100%| O|  |TAMS 0x0000000708a00000, 0x0000000708800000| Untracked 
|  20|0x0000000708a00000, 0x0000000708c00000, 0x0000000708c00000|100%| O|  |TAMS 0x0000000708c00000, 0x0000000708a00000| Untracked 
|  21|0x0000000708c00000, 0x0000000708e00000, 0x0000000708e00000|100%| O|  |TAMS 0x0000000708e00000, 0x0000000708c00000| Untracked 
|  22|0x0000000708e00000, 0x0000000709000000, 0x0000000709000000|100%| O|  |TAMS 0x0000000709000000, 0x0000000708e00000| Untracked 
|  23|0x0000000709000000, 0x0000000709200000, 0x0000000709200000|100%| O|  |TAMS 0x0000000709200000, 0x0000000709000000| Untracked 
|  24|0x0000000709200000, 0x0000000709400000, 0x0000000709400000|100%| O|  |TAMS 0x0000000709400000, 0x0000000709200000| Untracked 
|  25|0x0000000709400000, 0x0000000709600000, 0x0000000709600000|100%| O|  |TAMS 0x0000000709600000, 0x0000000709400000| Untracked 
|  26|0x0000000709600000, 0x0000000709800000, 0x0000000709800000|100%| O|  |TAMS 0x0000000709800000, 0x0000000709600000| Untracked 
|  27|0x0000000709800000, 0x0000000709a00000, 0x0000000709a00000|100%| O|  |TAMS 0x0000000709a00000, 0x0000000709800000| Untracked 
|  28|0x0000000709a00000, 0x0000000709c00000, 0x0000000709c00000|100%| O|  |TAMS 0x0000000709c00000, 0x0000000709a00000| Untracked 
|  29|0x0000000709c00000, 0x0000000709e00000, 0x0000000709e00000|100%| O|  |TAMS 0x0000000709e00000, 0x0000000709c00000| Untracked 
|  30|0x0000000709e00000, 0x0000000709ff0200, 0x000000070a000000| 96%| O|  |TAMS 0x0000000709e00000, 0x0000000709e00000| Untracked 
|  31|0x000000070a000000, 0x000000070a200000, 0x000000070a200000|100%| O|  |TAMS 0x000000070a200000, 0x000000070a000000| Untracked 
|  32|0x000000070a200000, 0x000000070a200000, 0x000000070a400000|  0%| F|  |TAMS 0x000000070a200000, 0x000000070a200000| Untracked 
|  33|0x000000070a400000, 0x000000070a400000, 0x000000070a600000|  0%| F|  |TAMS 0x000000070a400000, 0x000000070a400000| Untracked 
|  34|0x000000070a600000, 0x000000070a600000, 0x000000070a800000|  0%| F|  |TAMS 0x000000070a600000, 0x000000070a600000| Untracked 
|  35|0x000000070a800000, 0x000000070a800000, 0x000000070aa00000|  0%| F|  |TAMS 0x000000070a800000, 0x000000070a800000| Untracked 
|  36|0x000000070aa00000, 0x000000070aa00000, 0x000000070ac00000|  0%| F|  |TAMS 0x000000070aa00000, 0x000000070aa00000| Untracked 
|  37|0x000000070ac00000, 0x000000070ae00000, 0x000000070ae00000|100%| O|  |TAMS 0x000000070ac00000, 0x000000070ac00000| Untracked 
|  38|0x000000070ae00000, 0x000000070ae00000, 0x000000070b000000|  0%| F|  |TAMS 0x000000070ae00000, 0x000000070ae00000| Untracked 
|  39|0x000000070b000000, 0x000000070b000000, 0x000000070b200000|  0%| F|  |TAMS 0x000000070b000000, 0x000000070b000000| Untracked 
|  40|0x000000070b200000, 0x000000070b400000, 0x000000070b400000|100%| O|  |TAMS 0x000000070b400000, 0x000000070b200000| Untracked 
|  41|0x000000070b400000, 0x000000070b600000, 0x000000070b600000|100%| O|  |TAMS 0x000000070b600000, 0x000000070b400000| Untracked 
|  42|0x000000070b600000, 0x000000070b600000, 0x000000070b800000|  0%| F|  |TAMS 0x000000070b600000, 0x000000070b600000| Untracked 
|  43|0x000000070b800000, 0x000000070b800000, 0x000000070ba00000|  0%| F|  |TAMS 0x000000070b800000, 0x000000070b800000| Untracked 
|  44|0x000000070ba00000, 0x000000070bc00000, 0x000000070bc00000|100%| O|  |TAMS 0x000000070ba96000, 0x000000070ba00000| Untracked 
|  45|0x000000070bc00000, 0x000000070be00000, 0x000000070be00000|100%| O|  |TAMS 0x000000070bc00000, 0x000000070bc00000| Untracked 
|  46|0x000000070be00000, 0x000000070c000000, 0x000000070c000000|100%| O|  |TAMS 0x000000070be00000, 0x000000070be00000| Untracked 
|  47|0x000000070c000000, 0x000000070c200000, 0x000000070c200000|100%| O|  |TAMS 0x000000070c000000, 0x000000070c000000| Untracked 
|  48|0x000000070c200000, 0x000000070c400000, 0x000000070c400000|100%| O|  |TAMS 0x000000070c200000, 0x000000070c200000| Untracked 
|  49|0x000000070c400000, 0x000000070c400000, 0x000000070c600000|  0%| F|  |TAMS 0x000000070c400000, 0x000000070c400000| Untracked 
|  50|0x000000070c600000, 0x000000070c600000, 0x000000070c800000|  0%| F|  |TAMS 0x000000070c600000, 0x000000070c600000| Untracked 
|  51|0x000000070c800000, 0x000000070c800000, 0x000000070ca00000|  0%| F|  |TAMS 0x000000070c800000, 0x000000070c800000| Untracked 
|  52|0x000000070ca00000, 0x000000070ca00000, 0x000000070cc00000|  0%| F|  |TAMS 0x000000070ca00000, 0x000000070ca00000| Untracked 
|  53|0x000000070cc00000, 0x000000070cc00000, 0x000000070ce00000|  0%| F|  |TAMS 0x000000070cc00000, 0x000000070cc00000| Untracked 
|  54|0x000000070ce00000, 0x000000070ce00000, 0x000000070d000000|  0%| F|  |TAMS 0x000000070ce00000, 0x000000070ce00000| Untracked 
|  55|0x000000070d000000, 0x000000070d000000, 0x000000070d200000|  0%| F|  |TAMS 0x000000070d000000, 0x000000070d000000| Untracked 
|  56|0x000000070d200000, 0x000000070d200000, 0x000000070d400000|  0%| F|  |TAMS 0x000000070d200000, 0x000000070d200000| Untracked 
|  57|0x000000070d400000, 0x000000070d400000, 0x000000070d600000|  0%| F|  |TAMS 0x000000070d400000, 0x000000070d400000| Untracked 
|  58|0x000000070d600000, 0x000000070d600000, 0x000000070d800000|  0%| F|  |TAMS 0x000000070d600000, 0x000000070d600000| Untracked 
|  59|0x000000070d800000, 0x000000070d800000, 0x000000070da00000|  0%| F|  |TAMS 0x000000070d800000, 0x000000070d800000| Untracked 
|  60|0x000000070da00000, 0x000000070da00000, 0x000000070dc00000|  0%| F|  |TAMS 0x000000070da00000, 0x000000070da00000| Untracked 
|  61|0x000000070dc00000, 0x000000070dc00000, 0x000000070de00000|  0%| F|  |TAMS 0x000000070dc00000, 0x000000070dc00000| Untracked 
|  62|0x000000070de00000, 0x000000070de00000, 0x000000070e000000|  0%| F|  |TAMS 0x000000070de00000, 0x000000070de00000| Untracked 
|  63|0x000000070e000000, 0x000000070e000000, 0x000000070e200000|  0%| F|  |TAMS 0x000000070e000000, 0x000000070e000000| Untracked 
|  64|0x000000070e200000, 0x000000070e200000, 0x000000070e400000|  0%| F|  |TAMS 0x000000070e200000, 0x000000070e200000| Untracked 
|  65|0x000000070e400000, 0x000000070e400000, 0x000000070e600000|  0%| F|  |TAMS 0x000000070e400000, 0x000000070e400000| Untracked 
|  66|0x000000070e600000, 0x000000070e600000, 0x000000070e800000|  0%| F|  |TAMS 0x000000070e600000, 0x000000070e600000| Untracked 
|  67|0x000000070e800000, 0x000000070e800000, 0x000000070ea00000|  0%| F|  |TAMS 0x000000070e800000, 0x000000070e800000| Untracked 
|  68|0x000000070ea00000, 0x000000070ea00000, 0x000000070ec00000|  0%| F|  |TAMS 0x000000070ea00000, 0x000000070ea00000| Untracked 
|  69|0x000000070ec00000, 0x000000070ec00000, 0x000000070ee00000|  0%| F|  |TAMS 0x000000070ec00000, 0x000000070ec00000| Untracked 
|  70|0x000000070ee00000, 0x000000070ee00000, 0x000000070f000000|  0%| F|  |TAMS 0x000000070ee00000, 0x000000070ee00000| Untracked 
|  71|0x000000070f000000, 0x000000070f000000, 0x000000070f200000|  0%| F|  |TAMS 0x000000070f000000, 0x000000070f000000| Untracked 
|  72|0x000000070f200000, 0x000000070f200000, 0x000000070f400000|  0%| F|  |TAMS 0x000000070f200000, 0x000000070f200000| Untracked 
|  73|0x000000070f400000, 0x000000070f400000, 0x000000070f600000|  0%| F|  |TAMS 0x000000070f400000, 0x000000070f400000| Untracked 
|  74|0x000000070f600000, 0x000000070f600000, 0x000000070f800000|  0%| F|  |TAMS 0x000000070f600000, 0x000000070f600000| Untracked 
|  75|0x000000070f800000, 0x000000070f800000, 0x000000070fa00000|  0%| F|  |TAMS 0x000000070f800000, 0x000000070f800000| Untracked 
|  76|0x000000070fa00000, 0x000000070fa00000, 0x000000070fc00000|  0%| F|  |TAMS 0x000000070fa00000, 0x000000070fa00000| Untracked 
|  77|0x000000070fc00000, 0x000000070fc00000, 0x000000070fe00000|  0%| F|  |TAMS 0x000000070fc00000, 0x000000070fc00000| Untracked 
|  78|0x000000070fe00000, 0x000000070fe00000, 0x0000000710000000|  0%| F|  |TAMS 0x000000070fe00000, 0x000000070fe00000| Untracked 
|  79|0x0000000710000000, 0x0000000710000000, 0x0000000710200000|  0%| F|  |TAMS 0x0000000710000000, 0x0000000710000000| Untracked 
|  80|0x0000000710200000, 0x0000000710200000, 0x0000000710400000|  0%| F|  |TAMS 0x0000000710200000, 0x0000000710200000| Untracked 
|  81|0x0000000710400000, 0x0000000710400000, 0x0000000710600000|  0%| F|  |TAMS 0x0000000710400000, 0x0000000710400000| Untracked 
|  82|0x0000000710600000, 0x0000000710600000, 0x0000000710800000|  0%| F|  |TAMS 0x0000000710600000, 0x0000000710600000| Untracked 
|  83|0x0000000710800000, 0x0000000710800000, 0x0000000710a00000|  0%| F|  |TAMS 0x0000000710800000, 0x0000000710800000| Untracked 
|  84|0x0000000710a00000, 0x0000000710a00000, 0x0000000710c00000|  0%| F|  |TAMS 0x0000000710a00000, 0x0000000710a00000| Untracked 
|  85|0x0000000710c00000, 0x0000000710c00000, 0x0000000710e00000|  0%| F|  |TAMS 0x0000000710c00000, 0x0000000710c00000| Untracked 
|  86|0x0000000710e00000, 0x0000000710e00000, 0x0000000711000000|  0%| F|  |TAMS 0x0000000710e00000, 0x0000000710e00000| Untracked 
|  87|0x0000000711000000, 0x0000000711200000, 0x0000000711200000|100%| S|CS|TAMS 0x0000000711000000, 0x0000000711000000| Complete 
|  88|0x0000000711200000, 0x0000000711200000, 0x0000000711400000|  0%| F|  |TAMS 0x0000000711200000, 0x0000000711200000| Untracked 
|  89|0x0000000711400000, 0x0000000711400000, 0x0000000711600000|  0%| F|  |TAMS 0x0000000711400000, 0x0000000711400000| Untracked 
|  90|0x0000000711600000, 0x0000000711600000, 0x0000000711800000|  0%| F|  |TAMS 0x0000000711600000, 0x0000000711600000| Untracked 
|  91|0x0000000711800000, 0x0000000711800000, 0x0000000711a00000|  0%| F|  |TAMS 0x0000000711800000, 0x0000000711800000| Untracked 
|  92|0x0000000711a00000, 0x0000000711a00000, 0x0000000711c00000|  0%| F|  |TAMS 0x0000000711a00000, 0x0000000711a00000| Untracked 
|  93|0x0000000711c00000, 0x0000000711c00000, 0x0000000711e00000|  0%| F|  |TAMS 0x0000000711c00000, 0x0000000711c00000| Untracked 
|  94|0x0000000711e00000, 0x0000000711e00000, 0x0000000712000000|  0%| F|  |TAMS 0x0000000711e00000, 0x0000000711e00000| Untracked 
|  95|0x0000000712000000, 0x0000000712000000, 0x0000000712200000|  0%| F|  |TAMS 0x0000000712000000, 0x0000000712000000| Untracked 
|  96|0x0000000712200000, 0x0000000712200000, 0x0000000712400000|  0%| F|  |TAMS 0x0000000712200000, 0x0000000712200000| Untracked 
|  97|0x0000000712400000, 0x0000000712400000, 0x0000000712600000|  0%| F|  |TAMS 0x0000000712400000, 0x0000000712400000| Untracked 
|  98|0x0000000712600000, 0x0000000712600000, 0x0000000712800000|  0%| F|  |TAMS 0x0000000712600000, 0x0000000712600000| Untracked 
|  99|0x0000000712800000, 0x0000000712800000, 0x0000000712a00000|  0%| F|  |TAMS 0x0000000712800000, 0x0000000712800000| Untracked 
| 100|0x0000000712a00000, 0x0000000712a00000, 0x0000000712c00000|  0%| F|  |TAMS 0x0000000712a00000, 0x0000000712a00000| Untracked 
| 101|0x0000000712c00000, 0x0000000712c00000, 0x0000000712e00000|  0%| F|  |TAMS 0x0000000712c00000, 0x0000000712c00000| Untracked 
| 102|0x0000000712e00000, 0x0000000712e00000, 0x0000000713000000|  0%| F|  |TAMS 0x0000000712e00000, 0x0000000712e00000| Untracked 
| 103|0x0000000713000000, 0x0000000713000000, 0x0000000713200000|  0%| F|  |TAMS 0x0000000713000000, 0x0000000713000000| Untracked 
| 104|0x0000000713200000, 0x0000000713200000, 0x0000000713400000|  0%| F|  |TAMS 0x0000000713200000, 0x0000000713200000| Untracked 
| 105|0x0000000713400000, 0x0000000713400000, 0x0000000713600000|  0%| F|  |TAMS 0x0000000713400000, 0x0000000713400000| Untracked 
| 106|0x0000000713600000, 0x0000000713600000, 0x0000000713800000|  0%| F|  |TAMS 0x0000000713600000, 0x0000000713600000| Untracked 
| 107|0x0000000713800000, 0x0000000713800000, 0x0000000713a00000|  0%| F|  |TAMS 0x0000000713800000, 0x0000000713800000| Untracked 
| 108|0x0000000713a00000, 0x0000000713a00000, 0x0000000713c00000|  0%| F|  |TAMS 0x0000000713a00000, 0x0000000713a00000| Untracked 
| 109|0x0000000713c00000, 0x0000000713c00000, 0x0000000713e00000|  0%| F|  |TAMS 0x0000000713c00000, 0x0000000713c00000| Untracked 
| 110|0x0000000713e00000, 0x0000000713e00000, 0x0000000714000000|  0%| F|  |TAMS 0x0000000713e00000, 0x0000000713e00000| Untracked 
| 111|0x0000000714000000, 0x0000000714000000, 0x0000000714200000|  0%| F|  |TAMS 0x0000000714000000, 0x0000000714000000| Untracked 
| 112|0x0000000714200000, 0x0000000714200000, 0x0000000714400000|  0%| F|  |TAMS 0x0000000714200000, 0x0000000714200000| Untracked 
| 113|0x0000000714400000, 0x0000000714400000, 0x0000000714600000|  0%| F|  |TAMS 0x0000000714400000, 0x0000000714400000| Untracked 
| 114|0x0000000714600000, 0x0000000714600000, 0x0000000714800000|  0%| F|  |TAMS 0x0000000714600000, 0x0000000714600000| Untracked 
| 115|0x0000000714800000, 0x0000000714800000, 0x0000000714a00000|  0%| F|  |TAMS 0x0000000714800000, 0x0000000714800000| Untracked 
| 116|0x0000000714a00000, 0x0000000714a00000, 0x0000000714c00000|  0%| F|  |TAMS 0x0000000714a00000, 0x0000000714a00000| Untracked 
| 117|0x0000000714c00000, 0x0000000714c00000, 0x0000000714e00000|  0%| F|  |TAMS 0x0000000714c00000, 0x0000000714c00000| Untracked 
| 118|0x0000000714e00000, 0x0000000714e00000, 0x0000000715000000|  0%| F|  |TAMS 0x0000000714e00000, 0x0000000714e00000| Untracked 
| 119|0x0000000715000000, 0x0000000715000000, 0x0000000715200000|  0%| F|  |TAMS 0x0000000715000000, 0x0000000715000000| Untracked 
| 120|0x0000000715200000, 0x0000000715200000, 0x0000000715400000|  0%| F|  |TAMS 0x0000000715200000, 0x0000000715200000| Untracked 
| 121|0x0000000715400000, 0x0000000715400000, 0x0000000715600000|  0%| F|  |TAMS 0x0000000715400000, 0x0000000715400000| Untracked 
| 122|0x0000000715600000, 0x0000000715600000, 0x0000000715800000|  0%| F|  |TAMS 0x0000000715600000, 0x0000000715600000| Untracked 
| 123|0x0000000715800000, 0x0000000715800000, 0x0000000715a00000|  0%| F|  |TAMS 0x0000000715800000, 0x0000000715800000| Untracked 
| 124|0x0000000715a00000, 0x0000000715a00000, 0x0000000715c00000|  0%| F|  |TAMS 0x0000000715a00000, 0x0000000715a00000| Untracked 

Card table byte_map: [0x0000026de3570000,0x0000026de3d40000] _byte_map_base: 0x0000026ddfd3f000

Marking Bits (Prev, Next): (CMBitMap*) 0x0000026dd7ddadc0, (CMBitMap*) 0x0000026dd7ddad80
 Prev Bits: [0x0000026de8390000, 0x0000026dec208000)
 Next Bits: [0x0000026de4510000, 0x0000026de8388000)

Polling page: 0x0000026dd5b60000

Metaspace:

Usage:
  Non-class:     76.87 MB used.
      Class:     13.00 MB used.
       Both:     89.87 MB used.

Virtual space:
  Non-class space:      128.00 MB reserved,      77.25 MB ( 60%) committed,  2 nodes.
      Class space:        1.00 GB reserved,      13.31 MB (  1%) committed,  1 nodes.
             Both:        1.12 GB reserved,      90.56 MB (  8%) committed. 

Chunk freelists:
   Non-Class:  2.75 MB
       Class:  2.50 MB
        Both:  5.25 MB

MaxMetaspaceSize: unlimited
CompressedClassSpaceSize: 1.00 GB
Initial GC threshold: 21.00 MB
Current GC threshold: 150.75 MB
CDS: on
MetaspaceReclaimPolicy: balanced
 - commit_granule_bytes: 65536.
 - commit_granule_words: 8192.
 - virtual_space_node_default_size: 8388608.
 - enlarge_chunks_in_place: 1.
 - new_chunks_are_fully_committed: 0.
 - uncommit_free_chunks: 1.
 - use_allocation_guard: 0.
 - handle_deallocations: 1.


Internal statistics:

num_allocs_failed_limit: 9.
num_arena_births: 1060.
num_arena_deaths: 0.
num_vsnodes_births: 3.
num_vsnodes_deaths: 0.
num_space_committed: 1449.
num_space_uncommitted: 0.
num_chunks_returned_to_freelist: 9.
num_chunks_taken_from_freelist: 4514.
num_chunk_merges: 9.
num_chunk_splits: 3220.
num_chunks_enlarged: 2442.
num_inconsistent_stats: 0.

CodeCache: size=49152Kb used=18756Kb max_used=19280Kb free=30395Kb
 bounds [0x0000026ddf630000, 0x0000026de0910000, 0x0000026de2630000]
 total_blobs=10772 nmethods=10028 adapters=668
 compilation: enabled
              stopped_count=0, restarted_count=0
 full_count=0

Compilation events (20 events):
Event: 35.628 Thread 0x0000026def4e7390 nmethod 10018 0x0000026ddfb23e10 code [0x0000026ddfb23fa0, 0x0000026ddfb24088]
Event: 35.628 Thread 0x0000026def4ec8b0 10019       1       java.util.concurrent.ThreadPoolExecutor::execute (132 bytes)
Event: 35.628 Thread 0x0000026def4e7390 10020       1       java.util.concurrent.AbstractExecutorService::submit (25 bytes)
Event: 35.628 Thread 0x0000026def4e7390 nmethod 10020 0x0000026ddfb23990 code [0x0000026ddfb23b40, 0x0000026ddfb23d08]
Event: 35.629 Thread 0x0000026def4ec8b0 nmethod 10019 0x0000026ddfb23110 code [0x0000026ddfb23340, 0x0000026ddfb23788]
Event: 35.630 Thread 0x0000026def3f1f70 nmethod 10016 0x0000026ddfb22210 code [0x0000026ddfb22460, 0x0000026ddfb22d28]
Event: 35.630 Thread 0x0000026def3f1f70 10023       1       java.util.concurrent.ThreadPoolExecutor$Worker::lock (6 bytes)
Event: 35.630 Thread 0x0000026def4e7390 10021       1       java.util.concurrent.AbstractExecutorService::newTaskFor (9 bytes)
Event: 35.630 Thread 0x0000026def4ec8b0 10025   !   1       nonapi.io.github.classgraph.concurrency.WorkQueue::runWorkLoop (126 bytes)
Event: 35.630 Thread 0x0000026def4e7390 nmethod 10021 0x0000026ddfb21d10 code [0x0000026ddfb21ec0, 0x0000026ddfb22108]
Event: 35.630 Thread 0x0000026def4e7390 10022       1       java.util.concurrent.ThreadPoolExecutor::beforeExecute (1 bytes)
Event: 35.631 Thread 0x0000026def4e7390 nmethod 10022 0x0000026ddfb21a10 code [0x0000026ddfb21ba0, 0x0000026ddfb21c58]
Event: 35.631 Thread 0x0000026def4e7390 10024       1       nonapi.io.github.classgraph.concurrency.WorkQueue$1::<init> (10 bytes)
Event: 35.631 Thread 0x0000026def3f1f70 nmethod 10023 0x0000026ddfb21610 code [0x0000026ddfb217a0, 0x0000026ddfb21968]
Event: 35.631 Thread 0x0000026def3f1f70 10026       1       io.github.classgraph.Scanner$4::processWorkUnit (11 bytes)
Event: 35.631 Thread 0x0000026def4e7390 nmethod 10024 0x0000026ddfb21310 code [0x0000026ddfb214a0, 0x0000026ddfb215b8]
Event: 35.631 Thread 0x0000026def4e7390 10027       1       io.github.classgraph.Scanner$4::processWorkUnit (6 bytes)
Event: 35.631 Thread 0x0000026def4e7390 nmethod 10027 0x0000026ddfb21010 code [0x0000026ddfb211a0, 0x0000026ddfb21288]
Event: 35.632 Thread 0x0000026def3f1f70 nmethod 10026 0x0000026ddfb20c90 code [0x0000026ddfb20e20, 0x0000026ddfb20f48]
Event: 35.632 Thread 0x0000026def4ec8b0 nmethod 10025 0x0000026ddfb1fd90 code [0x0000026ddfb1ffe0, 0x0000026ddfb206d8]

GC Heap History (20 events):
Event: 32.780 GC heap after
{Heap after GC invocations=35 (full 0):
 garbage-first heap   total 106496K, used 59410K [0x0000000706200000, 0x0000000800000000)
  region size 2048K, 2 young (4096K), 2 survivors (4096K)
 Metaspace       used 88786K, committed 89408K, reserved 1179648K
  class space    used 12880K, committed 13184K, reserved 1048576K
}
Event: 33.752 GC heap before
{Heap before GC invocations=36 (full 0):
 garbage-first heap   total 106496K, used 88082K [0x0000000706200000, 0x0000000800000000)
  region size 2048K, 16 young (32768K), 2 survivors (4096K)
 Metaspace       used 91523K, committed 92096K, reserved 1179648K
  class space    used 13245K, committed 13504K, reserved 1048576K
}
Event: 33.756 GC heap after
{Heap after GC invocations=37 (full 0):
 garbage-first heap   total 106496K, used 61444K [0x0000000706200000, 0x0000000800000000)
  region size 2048K, 2 young (4096K), 2 survivors (4096K)
 Metaspace       used 91523K, committed 92096K, reserved 1179648K
  class space    used 13245K, committed 13504K, reserved 1048576K
}
Event: 34.029 GC heap before
{Heap before GC invocations=37 (full 0):
 garbage-first heap   total 106496K, used 83972K [0x0000000706200000, 0x0000000800000000)
  region size 2048K, 14 young (28672K), 2 survivors (4096K)
 Metaspace       used 91929K, committed 92608K, reserved 1179648K
  class space    used 13294K, committed 13632K, reserved 1048576K
}
Event: 34.037 GC heap after
{Heap after GC invocations=38 (full 0):
 garbage-first heap   total 106496K, used 66854K [0x0000000706200000, 0x0000000800000000)
  region size 2048K, 2 young (4096K), 2 survivors (4096K)
 Metaspace       used 91929K, committed 92608K, reserved 1179648K
  class space    used 13294K, committed 13632K, reserved 1048576K
}
Event: 34.221 GC heap before
{Heap before GC invocations=39 (full 0):
 garbage-first heap   total 126976K, used 83238K [0x0000000706200000, 0x0000000800000000)
  region size 2048K, 11 young (22528K), 2 survivors (4096K)
 Metaspace       used 91929K, committed 92608K, reserved 1179648K
  class space    used 13294K, committed 13632K, reserved 1048576K
}
Event: 34.228 GC heap after
{Heap after GC invocations=40 (full 0):
 garbage-first heap   total 126976K, used 70989K [0x0000000706200000, 0x0000000800000000)
  region size 2048K, 2 young (4096K), 2 survivors (4096K)
 Metaspace       used 91929K, committed 92608K, reserved 1179648K
  class space    used 13294K, committed 13632K, reserved 1048576K
}
Event: 34.560 GC heap before
{Heap before GC invocations=40 (full 0):
 garbage-first heap   total 126976K, used 97613K [0x0000000706200000, 0x0000000800000000)
  region size 2048K, 16 young (32768K), 2 survivors (4096K)
 Metaspace       used 91929K, committed 92608K, reserved 1179648K
  class space    used 13294K, committed 13632K, reserved 1048576K
}
Event: 34.564 GC heap after
{Heap after GC invocations=41 (full 0):
 garbage-first heap   total 155648K, used 76515K [0x0000000706200000, 0x0000000800000000)
  region size 2048K, 2 young (4096K), 2 survivors (4096K)
 Metaspace       used 91929K, committed 92608K, reserved 1179648K
  class space    used 13294K, committed 13632K, reserved 1048576K
}
Event: 35.007 GC heap before
{Heap before GC invocations=42 (full 0):
 garbage-first heap   total 155648K, used 115427K [0x0000000706200000, 0x0000000800000000)
  region size 2048K, 22 young (45056K), 2 survivors (4096K)
 Metaspace       used 92018K, committed 92672K, reserved 1179648K
  class space    used 13307K, committed 13632K, reserved 1048576K
}
Event: 35.021 GC heap after
{Heap after GC invocations=43 (full 0):
 garbage-first heap   total 155648K, used 88320K [0x0000000706200000, 0x0000000800000000)
  region size 2048K, 3 young (6144K), 3 survivors (6144K)
 Metaspace       used 92018K, committed 92672K, reserved 1179648K
  class space    used 13307K, committed 13632K, reserved 1048576K
}
Event: 35.028 GC heap before
{Heap before GC invocations=43 (full 0):
 garbage-first heap   total 155648K, used 90368K [0x0000000706200000, 0x0000000800000000)
  region size 2048K, 4 young (8192K), 3 survivors (6144K)
 Metaspace       used 92018K, committed 92672K, reserved 1179648K
  class space    used 13307K, committed 13632K, reserved 1048576K
}
Event: 35.037 GC heap after
{Heap after GC invocations=44 (full 0):
 garbage-first heap   total 155648K, used 89824K [0x0000000706200000, 0x0000000800000000)
  region size 2048K, 1 young (2048K), 1 survivors (2048K)
 Metaspace       used 92018K, committed 92672K, reserved 1179648K
  class space    used 13307K, committed 13632K, reserved 1048576K
}
Event: 35.206 GC heap before
{Heap before GC invocations=44 (full 0):
 garbage-first heap   total 155648K, used 116448K [0x0000000706200000, 0x0000000800000000)
  region size 2048K, 15 young (30720K), 1 survivors (2048K)
 Metaspace       used 92018K, committed 92672K, reserved 1179648K
  class space    used 13307K, committed 13632K, reserved 1048576K
}
Event: 35.210 GC heap after
{Heap after GC invocations=45 (full 0):
 garbage-first heap   total 155648K, used 95157K [0x0000000706200000, 0x0000000800000000)
  region size 2048K, 2 young (4096K), 2 survivors (4096K)
 Metaspace       used 92018K, committed 92672K, reserved 1179648K
  class space    used 13307K, committed 13632K, reserved 1048576K
}
Event: 35.592 GC heap before
{Heap before GC invocations=46 (full 0):
 garbage-first heap   total 172032K, used 117685K [0x0000000706200000, 0x0000000800000000)
  region size 2048K, 15 young (30720K), 2 survivors (4096K)
 Metaspace       used 92022K, committed 92736K, reserved 1179648K
  class space    used 13308K, committed 13632K, reserved 1048576K
}
Event: 35.596 GC heap after
{Heap after GC invocations=47 (full 0):
 garbage-first heap   total 172032K, used 98649K [0x0000000706200000, 0x0000000800000000)
  region size 2048K, 2 young (4096K), 2 survivors (4096K)
 Metaspace       used 92022K, committed 92736K, reserved 1179648K
  class space    used 13308K, committed 13632K, reserved 1048576K
}
Event: 35.607 GC heap before
{Heap before GC invocations=47 (full 0):
 garbage-first heap   total 172032K, used 102745K [0x0000000706200000, 0x0000000800000000)
  region size 2048K, 4 young (8192K), 2 survivors (4096K)
 Metaspace       used 92022K, committed 92736K, reserved 1179648K
  class space    used 13308K, committed 13632K, reserved 1048576K
}
Event: 35.612 GC heap after
{Heap after GC invocations=48 (full 0):
 garbage-first heap   total 172032K, used 83022K [0x0000000706200000, 0x0000000800000000)
  region size 2048K, 1 young (2048K), 1 survivors (2048K)
 Metaspace       used 92022K, committed 92736K, reserved 1179648K
  class space    used 13308K, committed 13632K, reserved 1048576K
}
Event: 35.633 GC heap before
{Heap before GC invocations=48 (full 0):
 garbage-first heap   total 172032K, used 89166K [0x0000000706200000, 0x0000000800000000)
  region size 2048K, 4 young (8192K), 1 survivors (2048K)
 Metaspace       used 92022K, committed 92736K, reserved 1179648K
  class space    used 13308K, committed 13632K, reserved 1048576K
}

Deoptimization events (10 events):
Event: 24.092 Thread 0x0000026dd7d6ccb0 DEOPT PACKING pc=0x0000026de0490aac sp=0x000000e34c7fa3a0
Event: 24.092 Thread 0x0000026dd7d6ccb0 DEOPT UNPACKING pc=0x0000026ddf682b43 sp=0x000000e34c7f9928 mode 0
Event: 24.757 Thread 0x0000026dd7d6ccb0 DEOPT PACKING pc=0x0000026ddfc3f2d4 sp=0x000000e34c7fbf50
Event: 24.757 Thread 0x0000026dd7d6ccb0 DEOPT UNPACKING pc=0x0000026ddf682b43 sp=0x000000e34c7fb4a8 mode 0
Event: 25.335 Thread 0x0000026dd7d6ccb0 DEOPT PACKING pc=0x0000026ddfcb17d2 sp=0x000000e34c7f84d0
Event: 25.335 Thread 0x0000026dd7d6ccb0 DEOPT UNPACKING pc=0x0000026ddf682b43 sp=0x000000e34c7f79d8 mode 3
Event: 27.293 Thread 0x0000026dd7d6ccb0 DEOPT PACKING pc=0x0000026de054462c sp=0x000000e34c7fd0d0
Event: 27.293 Thread 0x0000026dd7d6ccb0 DEOPT UNPACKING pc=0x0000026ddf682b43 sp=0x000000e34c7fc530 mode 0
Event: 32.897 Thread 0x0000026dd7d6ccb0 DEOPT PACKING pc=0x0000026de07c3acc sp=0x000000e34c7fbc90
Event: 32.897 Thread 0x0000026dd7d6ccb0 DEOPT UNPACKING pc=0x0000026ddf682b43 sp=0x000000e34c7fb090 mode 0

Classes unloaded (0 events):
No events

Classes redefined (0 events):
No events

Internal exceptions (20 events):
Event: 34.912 Thread 0x0000026df6580cb0 Exception <a 'sun/nio/fs/WindowsException'{0x000000070dada568}> (0x000000070dada568) 
thrown [s\open\src\hotspot\share\prims\jni.cpp, line 516]
Event: 34.914 Thread 0x0000026df6580cb0 Exception <a 'sun/nio/fs/WindowsException'{0x000000070dadaa38}> (0x000000070dadaa38) 
thrown [s\open\src\hotspot\share\prims\jni.cpp, line 516]
Event: 34.914 Thread 0x0000026df65811c0 Exception <a 'sun/nio/fs/WindowsException'{0x000000070daf1b58}> (0x000000070daf1b58) 
thrown [s\open\src\hotspot\share\prims\jni.cpp, line 516]
Event: 34.914 Thread 0x0000026df6580cb0 Exception <a 'sun/nio/fs/WindowsException'{0x000000070dadb550}> (0x000000070dadb550) 
thrown [s\open\src\hotspot\share\prims\jni.cpp, line 516]
Event: 34.915 Thread 0x0000026df6580cb0 Exception <a 'sun/nio/fs/WindowsException'{0x000000070dadba50}> (0x000000070dadba50) 
thrown [s\open\src\hotspot\share\prims\jni.cpp, line 516]
Event: 34.915 Thread 0x0000026df65811c0 Exception <a 'sun/nio/fs/WindowsException'{0x000000070daf1ff8}> (0x000000070daf1ff8) 
thrown [s\open\src\hotspot\share\prims\jni.cpp, line 516]
Event: 34.916 Thread 0x0000026df6580cb0 Exception <a 'sun/nio/fs/WindowsException'{0x000000070dadc588}> (0x000000070dadc588) 
thrown [s\open\src\hotspot\share\prims\jni.cpp, line 516]
Event: 34.916 Thread 0x0000026df65811c0 Exception <a 'sun/nio/fs/WindowsException'{0x000000070daf2ab0}> (0x000000070daf2ab0) 
thrown [s\open\src\hotspot\share\prims\jni.cpp, line 516]
Event: 34.918 Thread 0x0000026df6580cb0 Exception <a 'sun/nio/fs/WindowsException'{0x000000070dadcac0}> (0x000000070dadcac0) 
thrown [s\open\src\hotspot\share\prims\jni.cpp, line 516]
Event: 34.919 Thread 0x0000026df65811c0 Exception <a 'sun/nio/fs/WindowsException'{0x000000070daf2f38}> (0x000000070daf2f38) 
thrown [s\open\src\hotspot\share\prims\jni.cpp, line 516]
Event: 34.919 Thread 0x0000026df6580cb0 Exception <a 'sun/nio/fs/WindowsException'{0x000000070dadd5f0}> (0x000000070dadd5f0) 
thrown [s\open\src\hotspot\share\prims\jni.cpp, line 516]
Event: 34.922 Thread 0x0000026df6580cb0 Exception <a 'sun/nio/fs/WindowsException'{0x000000070daddb20}> (0x000000070daddb20) 
thrown [s\open\src\hotspot\share\prims\jni.cpp, line 516]
Event: 34.922 Thread 0x0000026df65811c0 Exception <a 'sun/nio/fs/WindowsException'{0x000000070daf3a00}> (0x000000070daf3a00) 
thrown [s\open\src\hotspot\share\prims\jni.cpp, line 516]
Event: 34.923 Thread 0x0000026df65811c0 Exception <a 'sun/nio/fs/WindowsException'{0x000000070daf3ea0}> (0x000000070daf3ea0) 
thrown [s\open\src\hotspot\share\prims\jni.cpp, line 516]
Event: 34.925 Thread 0x0000026df65811c0 Exception <a 'sun/nio/fs/WindowsException'{0x000000070daf4990}> (0x000000070daf4990) 
thrown [s\open\src\hotspot\share\prims\jni.cpp, line 516]
Event: 34.926 Thread 0x0000026df65811c0 Exception <a 'sun/nio/fs/WindowsException'{0x000000070daf4e78}> (0x000000070daf4e78) 
thrown [s\open\src\hotspot\share\prims\jni.cpp, line 516]
Event: 34.929 Thread 0x0000026df65811c0 Exception <a 'sun/nio/fs/WindowsException'{0x000000070daf5980}> (0x000000070daf5980) 
thrown [s\open\src\hotspot\share\prims\jni.cpp, line 516]
Event: 34.931 Thread 0x0000026df65811c0 Exception <a 'sun/nio/fs/WindowsException'{0x000000070daf5e98}> (0x000000070daf5e98) 
thrown [s\open\src\hotspot\share\prims\jni.cpp, line 516]
Event: 34.934 Thread 0x0000026df65811c0 Exception <a 'sun/nio/fs/WindowsException'{0x000000070daf6998}> (0x000000070daf6998) 
thrown [s\open\src\hotspot\share\prims\jni.cpp, line 516]
Event: 34.937 Thread 0x0000026df65811c0 Exception <a 'sun/nio/fs/WindowsException'{0x000000070daf6e98}> (0x000000070daf6e98) 
thrown [s\open\src\hotspot\share\prims\jni.cpp, line 516]

VM Operations (20 events):
Event: 34.684 Executing VM operation: G1Concurrent done
Event: 34.740 Executing VM operation: HandshakeAllThreads
Event: 34.740 Executing VM operation: HandshakeAllThreads done
Event: 34.740 Executing VM operation: HandshakeAllThreads
Event: 34.740 Executing VM operation: HandshakeAllThreads done
Event: 35.007 Executing VM operation: G1CollectForAllocation
Event: 35.022 Executing VM operation: G1CollectForAllocation done
Event: 35.028 Executing VM operation: G1CollectForAllocation
Event: 35.038 Executing VM operation: G1CollectForAllocation done
Event: 35.206 Executing VM operation: G1CollectForAllocation
Event: 35.210 Executing VM operation: G1CollectForAllocation done
Event: 35.271 Executing VM operation: G1Concurrent
Event: 35.287 Executing VM operation: G1Concurrent done
Event: 35.328 Executing VM operation: G1Concurrent
Event: 35.329 Executing VM operation: G1Concurrent done
Event: 35.591 Executing VM operation: G1CollectForAllocation
Event: 35.599 Executing VM operation: G1CollectForAllocation done
Event: 35.607 Executing VM operation: G1CollectForAllocation
Event: 35.613 Executing VM operation: G1CollectForAllocation done
Event: 35.632 Executing VM operation: G1CollectForAllocation

Events (20 events):
Event: 34.855 Thread 0x0000026df6581be0 Thread added: 0x0000026df6581be0
Event: 34.856 Thread 0x0000026df6585db0 Thread added: 0x0000026df6585db0
Event: 34.856 Thread 0x0000026df65871f0 Thread added: 0x0000026df65871f0
Event: 34.856 Thread 0x0000026df65858a0 Thread added: 0x0000026df65858a0
Event: 34.857 Thread 0x0000026df65862c0 Thread added: 0x0000026df65862c0
Event: 34.857 Thread 0x0000026df65867d0 Thread added: 0x0000026df65867d0
Event: 34.857 Thread 0x0000026df6587700 Thread added: 0x0000026df6587700
Event: 34.857 Thread 0x0000026df6587c10 Thread added: 0x0000026df6587c10
Event: 34.858 Thread 0x0000026df6586ce0 Thread added: 0x0000026df6586ce0
Event: 34.858 Thread 0x0000026df6588120 Thread added: 0x0000026df6588120
Event: 34.858 Thread 0x0000026df76f70a0 Thread added: 0x0000026df76f70a0
Event: 34.858 Thread 0x0000026df76f7fd0 Thread added: 0x0000026df76f7fd0
Event: 34.859 Thread 0x0000026df76f75b0 Thread added: 0x0000026df76f75b0
Event: 34.859 Thread 0x0000026df76f9e30 Thread added: 0x0000026df76f9e30
Event: 34.859 Thread 0x0000026df76f9920 Thread added: 0x0000026df76f9920
Event: 34.859 Thread 0x0000026df76fa340 Thread added: 0x0000026df76fa340
Event: 34.859 Thread 0x0000026df76f84e0 Thread added: 0x0000026df76f84e0
Event: 35.270 Thread 0x0000026df76fa850 Thread added: 0x0000026df76fa850
Event: 35.293 Thread 0x0000026df76fa850 Thread exited: 0x0000026df76fa850
Event: 35.624 Thread 0x0000026df4b50cd0 Thread exited: 0x0000026df4b50cd0


Dynamic libraries:
0x00007ff6043d0000 - 0x00007ff6043e0000 	C:\Program Files\Java\jdk-17\bin\java.exe
0x00007ffc368a0000 - 0x00007ffc36b03000 	C:\WINDOWS\SYSTEM32\ntdll.dll
0x00007ffc35530000 - 0x00007ffc355f7000 	C:\WINDOWS\System32\KERNEL32.DLL
0x00007ffc33c00000 - 0x00007ffc33fc9000 	C:\WINDOWS\System32\KERNELBASE.dll
0x00007ffc33fd0000 - 0x00007ffc3411c000 	C:\WINDOWS\System32\ucrtbase.dll
0x00007ffc201e0000 - 0x00007ffc201f9000 	C:\Program Files\Java\jdk-17\bin\jli.dll
0x00007ffc35790000 - 0x00007ffc35842000 	C:\WINDOWS\System32\ADVAPI32.dll
0x00007ffc367b0000 - 0x00007ffc36859000 	C:\WINDOWS\System32\msvcrt.dll
0x00007ffc35950000 - 0x00007ffc359f6000 	C:\WINDOWS\System32\sechost.dll
0x00007ffc36180000 - 0x00007ffc36296000 	C:\WINDOWS\System32\RPCRT4.dll
0x00007ffc34800000 - 0x00007ffc349ca000 	C:\WINDOWS\System32\USER32.dll
0x00007ffc341d0000 - 0x00007ffc341f7000 	C:\WINDOWS\System32\win32u.dll
0x00007ffc35a00000 - 0x00007ffc35a2a000 	C:\WINDOWS\System32\GDI32.dll
0x00007ffc2e5b0000 - 0x00007ffc2e5cb000 	C:\Program Files\Java\jdk-17\bin\VCRUNTIME140.dll
0x00007ffc34200000 - 0x00007ffc34331000 	C:\WINDOWS\System32\gdi32full.dll
0x00007ffc34120000 - 0x00007ffc341c3000 	C:\WINDOWS\System32\msvcp_win.dll
0x00007ffbfcc00000 - 0x00007ffbfce90000 	C:\WINDOWS\WinSxS\amd64_microsoft.windows.common-controls_6595b64144ccf1df_6.0.26100.3323_none_3e088096e3344490\COMCTL32.dll
0x00007ffc29590000 - 0x00007ffc2959b000 	C:\WINDOWS\SYSTEM32\VERSION.dll
0x00007ffc347b0000 - 0x00007ffc347df000 	C:\WINDOWS\System32\IMM32.DLL
0x00007ffc2d400000 - 0x00007ffc2d40c000 	C:\Program Files\Java\jdk-17\bin\vcruntime140_1.dll
0x00007ffbd73d0000 - 0x00007ffbd745e000 	C:\Program Files\Java\jdk-17\bin\msvcp140.dll
0x00007ffb80140000 - 0x00007ffb80d20000 	C:\Program Files\Java\jdk-17\bin\server\jvm.dll
0x00007ffc36160000 - 0x00007ffc36168000 	C:\WINDOWS\System32\PSAPI.DLL
0x00007ffc2e480000 - 0x00007ffc2e48a000 	C:\WINDOWS\SYSTEM32\WSOCK32.dll
0x00007ffc36730000 - 0x00007ffc367a4000 	C:\WINDOWS\System32\WS2_32.dll
0x00007ffc298b0000 - 0x00007ffc298e6000 	C:\WINDOWS\SYSTEM32\WINMM.dll
0x00007ffc32880000 - 0x00007ffc3289a000 	C:\WINDOWS\SYSTEM32\kernel.appcore.dll
0x00007ffc200e0000 - 0x00007ffc200ea000 	C:\Program Files\Java\jdk-17\bin\jimage.dll
0x00007ffc31110000 - 0x00007ffc31351000 	C:\WINDOWS\SYSTEM32\DBGHELP.DLL
0x00007ffc351a0000 - 0x00007ffc35522000 	C:\WINDOWS\System32\combase.dll
0x00007ffc35c60000 - 0x00007ffc35d36000 	C:\WINDOWS\System32\OLEAUT32.dll
0x00007ffc221f0000 - 0x00007ffc22229000 	C:\WINDOWS\SYSTEM32\dbgcore.DLL
0x00007ffc33b60000 - 0x00007ffc33bf9000 	C:\WINDOWS\System32\bcryptPrimitives.dll
0x00007ffc23f60000 - 0x00007ffc23f6e000 	C:\Program Files\Java\jdk-17\bin\instrument.dll
0x00007ffbf9bf0000 - 0x00007ffbf9c15000 	C:\Program Files\Java\jdk-17\bin\java.dll
0x00007ffbd2580000 - 0x00007ffbd2657000 	C:\Program Files\Java\jdk-17\bin\jsvml.dll
0x00007ffc34a80000 - 0x00007ffc35195000 	C:\WINDOWS\System32\SHELL32.dll
0x00007ffc34550000 - 0x00007ffc346b8000 	C:\WINDOWS\System32\wintypes.dll
0x00007ffc31740000 - 0x00007ffc31f85000 	C:\WINDOWS\SYSTEM32\windows.storage.dll
0x00007ffc346c0000 - 0x00007ffc347ab000 	C:\WINDOWS\System32\SHCORE.dll
0x00007ffc35d40000 - 0x00007ffc35d9d000 	C:\WINDOWS\System32\shlwapi.dll
0x00007ffc339b0000 - 0x00007ffc339df000 	C:\WINDOWS\SYSTEM32\profapi.dll
0x00007ffc1a5c0000 - 0x00007ffc1a5d8000 	C:\Program Files\Java\jdk-17\bin\zip.dll
0x00007ffc1d1f0000 - 0x00007ffc1d209000 	C:\Program Files\Java\jdk-17\bin\net.dll
0x00007ffc2cf80000 - 0x00007ffc2d09e000 	C:\WINDOWS\SYSTEM32\WINHTTP.dll
0x00007ffc32d80000 - 0x00007ffc32dea000 	C:\WINDOWS\system32\mswsock.dll
0x00007ffc1abc0000 - 0x00007ffc1abd6000 	C:\Program Files\Java\jdk-17\bin\nio.dll
0x00007ffbe3f80000 - 0x00007ffbe3f9a000 	C:\Program Files\JetBrains\IntelliJ IDEA 2024.3\bin\breakgen64.dll
0x00007ffc32390000 - 0x00007ffc324b5000 	C:\WINDOWS\SYSTEM32\DNSAPI.dll
0x00007ffc32350000 - 0x00007ffc32383000 	C:\WINDOWS\SYSTEM32\IPHLPAPI.DLL
0x00007ffc36170000 - 0x00007ffc3617a000 	C:\WINDOWS\System32\NSI.dll
0x00007ffc29860000 - 0x00007ffc2986b000 	C:\Windows\System32\rasadhlp.dll
0x00007ffc2d620000 - 0x00007ffc2d6a5000 	C:\WINDOWS\System32\fwpuclnt.dll
0x00007ffc1cbe0000 - 0x00007ffc1cbea000 	C:\Program Files\Java\jdk-17\bin\management.dll
0x00007ffc1a640000 - 0x00007ffc1a64b000 	C:\Program Files\Java\jdk-17\bin\management_ext.dll
0x00007ffc330c0000 - 0x00007ffc330dc000 	C:\WINDOWS\SYSTEM32\CRYPTSP.dll
0x00007ffc327e0000 - 0x00007ffc3281a000 	C:\WINDOWS\system32\rsaenh.dll
0x00007ffc32e20000 - 0x00007ffc32e4b000 	C:\WINDOWS\SYSTEM32\USERENV.dll
0x00007ffc33250000 - 0x00007ffc33276000 	C:\WINDOWS\SYSTEM32\bcrypt.dll
0x00007ffc330a0000 - 0x00007ffc330ac000 	C:\WINDOWS\SYSTEM32\CRYPTBASE.dll
0x00007ffc2d150000 - 0x00007ffc2d16f000 	C:\WINDOWS\SYSTEM32\dhcpcsvc6.DLL
0x00007ffc2d100000 - 0x00007ffc2d125000 	C:\WINDOWS\SYSTEM32\dhcpcsvc.DLL
0x00007ffbfa140000 - 0x00007ffbfa158000 	C:\WINDOWS\system32\napinsp.dll
0x00007ffbfa0e0000 - 0x00007ffbfa0f2000 	C:\WINDOWS\System32\winrnr.dll
0x00007ffbfa110000 - 0x00007ffbfa132000 	C:\WINDOWS\system32\nlansp_c.dll
0x00007ffc295a0000 - 0x00007ffc295b6000 	C:\WINDOWS\system32\wshbth.dll
0x00007ffc200d0000 - 0x00007ffc200e0000 	C:\Program Files\Java\jdk-17\bin\verify.dll
0x00007ffc012f0000 - 0x00007ffc0133e000 	C:\WINDOWS\SYSTEM32\pdh.dll
0x00007ffc1ec60000 - 0x00007ffc1ec72000 	C:\WINDOWS\System32\perfproc.dll
0x00007ffc20160000 - 0x00007ffc2016e000 	C:\Program Files\Java\jdk-17\bin\sunmscapi.dll
0x00007ffc343d0000 - 0x00007ffc34547000 	C:\WINDOWS\System32\CRYPT32.dll
0x00007ffc33210000 - 0x00007ffc33240000 	C:\WINDOWS\SYSTEM32\ncrypt.dll
0x00007ffc331c0000 - 0x00007ffc331ff000 	C:\WINDOWS\SYSTEM32\NTASN1.dll
0x00007ffbf8aa0000 - 0x00007ffbf8ab1000 	C:\WINDOWS\System32\perfos.dll
0x00007ffc31fb0000 - 0x00007ffc31fc2000 	C:\WINDOWS\SYSTEM32\pfclient.dll
0x00007ffbf59a0000 - 0x00007ffbf59a8000 	C:\WINDOWS\system32\wshunix.dll

dbghelp: loaded successfully - version: 4.0.5 - missing functions: none
symbol engine: initialized successfully - sym options: 0x614 - pdb path: .;C:\Program Files\Java\jdk-17\bin;C:\WINDOWS\SYSTEM32;C:\WINDOWS\WinSxS\amd64_microsoft.windows.common-controls_6595b64144ccf1df_6.0.26100.3323_none_3e088096e3344490;C:\Program Files\Java\jdk-17\bin\server;C:\Program Files\JetBrains\IntelliJ IDEA 2024.3\bin

VM Arguments:
jvm_args: -XX:TieredStopAtLevel=1 -Dspring.output.ansi.enabled=always -Dcom.sun.management.jmxremote -Dspring.jmx.enabled=true -Dspring.liveBeansView.mbeanDomain -Dspring.application.admin.enabled=true -Dmanagement.endpoints.jmx.exposure.include=* -javaagent:C:\Program Files\JetBrains\IntelliJ IDEA 2024.3\lib\idea_rt.jar=63157:C:\Program Files\JetBrains\IntelliJ IDEA 2024.3\bin -Dfile.encoding=UTF-8 
java_command: com.ssafy.fullerting.FullertingApplication
java_class_path (initial): C:\Users\\AppData\Local\Temp\classpath2005535845.jar
Launcher Type: SUN_STANDARD

[Global flags]
     intx CICompilerCount                          = 12                                        {product} {ergonomic}
     uint ConcGCThreads                            = 4                                         {product} {ergonomic}
     uint G1ConcRefinementThreads                  = 14                                        {product} {ergonomic}
   size_t G1HeapRegionSize                         = 2097152                                   {product} {ergonomic}
    uintx GCDrainStackTargetSize                   = 64                                        {product} {ergonomic}
   size_t InitialHeapSize                          = 262144000                                 {product} {ergonomic}
     bool ManagementServer                         = true                                      {product} {command line}
   size_t MarkStackSize                            = 4194304                                   {product} {ergonomic}
   size_t MaxHeapSize                              = 4192206848                                {product} {ergonomic}
   size_t MaxNewSize                               = 2514485248                                {product} {ergonomic}
   size_t MinHeapDeltaBytes                        = 2097152                                   {product} {ergonomic}
   size_t MinHeapSize                              = 8388608                                   {product} {ergonomic}
    uintx NonProfiledCodeHeapSize                  = 0                                      {pd product} {ergonomic}
     bool ProfileInterpreter                       = false                                  {pd product} {command line}
    uintx ProfiledCodeHeapSize                     = 0                                      {pd product} {ergonomic}
   size_t SoftMaxHeapSize                          = 4192206848                             {manageable} {ergonomic}
     intx TieredStopAtLevel                        = 1                                         {product} {command line}
     bool UseCompressedClassPointers               = true                           {product lp64_product} {ergonomic}
     bool UseCompressedOops                        = true                           {product lp64_product} {ergonomic}
     bool UseG1GC                                  = true                                      {product} {ergonomic}
     bool UseLargePagesIndividualAllocation        = false                                  {pd product} {ergonomic}

Logging:
Log output configuration:
 #0: stdout all=warning uptime,level,tags
 #1: stderr all=off uptime,level,tags

Environment Variables:
PATH=C:\Program Files\nodejs;C:\Program Files\Common Files\Oracle\Java\javapath;C:\WINDOWS\system32;C:\WINDOWS;C:\WINDOWS\System32\Wbem;C:\WINDOWS\System32\WindowsPowerShell\v1.0\;C:\WINDOWS\System32\OpenSSH\;C:\Program Files\Bandizip\;C:\Program Files\dotnet\;C:\Program Files (x86)\NetSarang\Xshell 7\;C:\Program Files\Git\cmd;C:\ProgramData\chocolatey\bin;C:\Program Files\Docker\Docker\resources\bin;C:\Program Files\nodejs;C:\Program Files\MySQL\MySQL Shell 8.0\bin\;C:\Users\\AppData\Local\Microsoft\WindowsApps;C:\Program Files (x86)\IDM Computer Solutions\UltraEdit\;C:\Users\\AppData\Local\Programs\Microsoft VS Code\bin;C:\Users\\AppData\Roaming\npm;C:\Users\\AppData\Local\Programs\cursor\resources\app\bin;
USERNAME=
OS=Windows_NT
PROCESSOR_IDENTIFIER=Intel64 Family 6 Model 170 Stepping 4, GenuineIntel



---------------  S Y S T E M  ---------------

OS:
 Windows 11 , 64 bit Build 26100 (10.0.26100.3323)
OS uptime: 18 days 20:57 hours
Hyper-V role detected

CPU: total 18 (initial active 18) (9 cores per cpu, 2 threads per core) family 6 model 170 stepping 4 microcode 0x1c, cx8, cmov, fxsr, ht, mmx, 3dnowpref, sse, sse2, sse3, ssse3, sse4.1, sse4.2, popcnt, lzcnt, tsc, tscinvbit, avx, avx2, aes, erms, clmul, bmi1, bmi2, adx, sha, fma, vzeroupper, clflush, clflushopt, clwb, hv

Memory: 4k page, system-wide physical 15989M (578M free)
TotalPageFile size 65141M (AvailPageFile size 237M)
current process WorkingSet (physical memory assigned to process): 384M, peak: 390M
current process commit charge ("private bytes"): 525M, peak: 738M

vm_info: Java HotSpot(TM) 64-Bit Server VM (17.0.12+8-LTS-286) for windows-amd64 JRE (17.0.12+8-LTS-286), built on Jun  5 2024 06:46:59 by "mach5one" with MS VC++ 17.6 (VS2022)

END.
