2025-07-11 00:26:23 INFO  o.s.w.s.c.WebSocketMessageBrokerStats - WebSocketSession[1 current WS(1)-HttpStream(0)-HttpPoll(0), 56 total, 0 closed abnormally (0 connect failure, 0 send limit, 0 transport error)], stompSubProtocol[processed CONNECT(56)-CONNECTED(56)-DISCONNECT(51)], stompBrokerRelay[null], inboundChannel[pool size = 0, active threads = 0, queued tasks = 0, completed tasks = 825], outboundChannel[pool size = 0, active threads = 0, queued tasks = 0, completed tasks = 162], sockJsScheduler[pool size = 18, active threads = 1, queued tasks = 1, completed tasks = 609]
2025-07-11 00:56:23 INFO  o.s.w.s.c.WebSocketMessageBrokerStats - WebSocketSession[1 current WS(1)-HttpStream(0)-HttpPoll(0), 56 total, 0 closed abnormally (0 connect failure, 0 send limit, 0 transport error)], stompSubProtocol[processed CONNECT(56)-CONNECTED(56)-DISCONNECT(51)], stompBrokerRelay[null], inboundChannel[pool size = 0, active threads = 0, queued tasks = 0, completed tasks = 825], outboundChannel[pool size = 0, active threads = 0, queued tasks = 0, completed tasks = 162], sockJsScheduler[pool size = 18, active threads = 1, queued tasks = 1, completed tasks = 628]
2025-07-11 01:26:23 INFO  o.s.w.s.c.WebSocketMessageBrokerStats - WebSocketSession[1 current WS(1)-HttpStream(0)-HttpPoll(0), 56 total, 0 closed abnormally (0 connect failure, 0 send limit, 0 transport error)], stompSubProtocol[processed CONNECT(56)-CONNECTED(56)-DISCONNECT(51)], stompBrokerRelay[null], inboundChannel[pool size = 0, active threads = 0, queued tasks = 0, completed tasks = 825], outboundChannel[pool size = 0, active threads = 0, queued tasks = 0, completed tasks = 162], sockJsScheduler[pool size = 18, active threads = 1, queued tasks = 1, completed tasks = 647]
2025-07-11 01:56:23 INFO  o.s.w.s.c.WebSocketMessageBrokerStats - WebSocketSession[1 current WS(1)-HttpStream(0)-HttpPoll(0), 56 total, 0 closed abnormally (0 connect failure, 0 send limit, 0 transport error)], stompSubProtocol[processed CONNECT(56)-CONNECTED(56)-DISCONNECT(51)], stompBrokerRelay[null], inboundChannel[pool size = 0, active threads = 0, queued tasks = 0, completed tasks = 825], outboundChannel[pool size = 0, active threads = 0, queued tasks = 0, completed tasks = 162], sockJsScheduler[pool size = 18, active threads = 1, queued tasks = 1, completed tasks = 666]
2025-07-11 02:26:23 INFO  o.s.w.s.c.WebSocketMessageBrokerStats - WebSocketSession[1 current WS(1)-HttpStream(0)-HttpPoll(0), 56 total, 0 closed abnormally (0 connect failure, 0 send limit, 0 transport error)], stompSubProtocol[processed CONNECT(56)-CONNECTED(56)-DISCONNECT(51)], stompBrokerRelay[null], inboundChannel[pool size = 0, active threads = 0, queued tasks = 0, completed tasks = 825], outboundChannel[pool size = 0, active threads = 0, queued tasks = 0, completed tasks = 162], sockJsScheduler[pool size = 18, active threads = 1, queued tasks = 1, completed tasks = 685]
2025-07-11 02:56:23 INFO  o.s.w.s.c.WebSocketMessageBrokerStats - WebSocketSession[1 current WS(1)-HttpStream(0)-HttpPoll(0), 56 total, 0 closed abnormally (0 connect failure, 0 send limit, 0 transport error)], stompSubProtocol[processed CONNECT(56)-CONNECTED(56)-DISCONNECT(51)], stompBrokerRelay[null], inboundChannel[pool size = 0, active threads = 0, queued tasks = 0, completed tasks = 825], outboundChannel[pool size = 0, active threads = 0, queued tasks = 0, completed tasks = 162], sockJsScheduler[pool size = 18, active threads = 1, queued tasks = 1, completed tasks = 704]
2025-07-11 03:26:23 INFO  o.s.w.s.c.WebSocketMessageBrokerStats - WebSocketSession[1 current WS(1)-HttpStream(0)-HttpPoll(0), 56 total, 0 closed abnormally (0 connect failure, 0 send limit, 0 transport error)], stompSubProtocol[processed CONNECT(56)-CONNECTED(56)-DISCONNECT(51)], stompBrokerRelay[null], inboundChannel[pool size = 0, active threads = 0, queued tasks = 0, completed tasks = 825], outboundChannel[pool size = 0, active threads = 0, queued tasks = 0, completed tasks = 162], sockJsScheduler[pool size = 18, active threads = 1, queued tasks = 1, completed tasks = 723]
2025-07-11 03:56:23 INFO  o.s.w.s.c.WebSocketMessageBrokerStats - WebSocketSession[1 current WS(1)-HttpStream(0)-HttpPoll(0), 56 total, 0 closed abnormally (0 connect failure, 0 send limit, 0 transport error)], stompSubProtocol[processed CONNECT(56)-CONNECTED(56)-DISCONNECT(51)], stompBrokerRelay[null], inboundChannel[pool size = 0, active threads = 0, queued tasks = 0, completed tasks = 825], outboundChannel[pool size = 0, active threads = 0, queued tasks = 0, completed tasks = 162], sockJsScheduler[pool size = 18, active threads = 1, queued tasks = 1, completed tasks = 742]
2025-07-11 04:26:23 INFO  o.s.w.s.c.WebSocketMessageBrokerStats - WebSocketSession[1 current WS(1)-HttpStream(0)-HttpPoll(0), 56 total, 0 closed abnormally (0 connect failure, 0 send limit, 0 transport error)], stompSubProtocol[processed CONNECT(56)-CONNECTED(56)-DISCONNECT(51)], stompBrokerRelay[null], inboundChannel[pool size = 0, active threads = 0, queued tasks = 0, completed tasks = 825], outboundChannel[pool size = 0, active threads = 0, queued tasks = 0, completed tasks = 162], sockJsScheduler[pool size = 18, active threads = 1, queued tasks = 1, completed tasks = 761]
2025-07-11 04:56:23 INFO  o.s.w.s.c.WebSocketMessageBrokerStats - WebSocketSession[1 current WS(1)-HttpStream(0)-HttpPoll(0), 56 total, 0 closed abnormally (0 connect failure, 0 send limit, 0 transport error)], stompSubProtocol[processed CONNECT(56)-CONNECTED(56)-DISCONNECT(51)], stompBrokerRelay[null], inboundChannel[pool size = 0, active threads = 0, queued tasks = 0, completed tasks = 825], outboundChannel[pool size = 0, active threads = 0, queued tasks = 0, completed tasks = 162], sockJsScheduler[pool size = 18, active threads = 1, queued tasks = 1, completed tasks = 780]
2025-07-11 05:26:23 INFO  o.s.w.s.c.WebSocketMessageBrokerStats - WebSocketSession[1 current WS(1)-HttpStream(0)-HttpPoll(0), 56 total, 0 closed abnormally (0 connect failure, 0 send limit, 0 transport error)], stompSubProtocol[processed CONNECT(56)-CONNECTED(56)-DISCONNECT(51)], stompBrokerRelay[null], inboundChannel[pool size = 0, active threads = 0, queued tasks = 0, completed tasks = 825], outboundChannel[pool size = 0, active threads = 0, queued tasks = 0, completed tasks = 162], sockJsScheduler[pool size = 18, active threads = 1, queued tasks = 1, completed tasks = 799]
2025-07-11 05:56:23 INFO  o.s.w.s.c.WebSocketMessageBrokerStats - WebSocketSession[1 current WS(1)-HttpStream(0)-HttpPoll(0), 56 total, 0 closed abnormally (0 connect failure, 0 send limit, 0 transport error)], stompSubProtocol[processed CONNECT(56)-CONNECTED(56)-DISCONNECT(51)], stompBrokerRelay[null], inboundChannel[pool size = 0, active threads = 0, queued tasks = 0, completed tasks = 825], outboundChannel[pool size = 0, active threads = 0, queued tasks = 0, completed tasks = 162], sockJsScheduler[pool size = 18, active threads = 1, queued tasks = 1, completed tasks = 818]
2025-07-11 06:26:23 INFO  o.s.w.s.c.WebSocketMessageBrokerStats - WebSocketSession[1 current WS(1)-HttpStream(0)-HttpPoll(0), 56 total, 0 closed abnormally (0 connect failure, 0 send limit, 0 transport error)], stompSubProtocol[processed CONNECT(56)-CONNECTED(56)-DISCONNECT(51)], stompBrokerRelay[null], inboundChannel[pool size = 0, active threads = 0, queued tasks = 0, completed tasks = 825], outboundChannel[pool size = 0, active threads = 0, queued tasks = 0, completed tasks = 162], sockJsScheduler[pool size = 18, active threads = 1, queued tasks = 1, completed tasks = 837]
2025-07-11 06:56:23 INFO  o.s.w.s.c.WebSocketMessageBrokerStats - WebSocketSession[1 current WS(1)-HttpStream(0)-HttpPoll(0), 56 total, 0 closed abnormally (0 connect failure, 0 send limit, 0 transport error)], stompSubProtocol[processed CONNECT(56)-CONNECTED(56)-DISCONNECT(51)], stompBrokerRelay[null], inboundChannel[pool size = 0, active threads = 0, queued tasks = 0, completed tasks = 825], outboundChannel[pool size = 0, active threads = 0, queued tasks = 0, completed tasks = 162], sockJsScheduler[pool size = 18, active threads = 1, queued tasks = 1, completed tasks = 856]
2025-07-11 07:26:23 INFO  o.s.w.s.c.WebSocketMessageBrokerStats - WebSocketSession[1 current WS(1)-HttpStream(0)-HttpPoll(0), 56 total, 0 closed abnormally (0 connect failure, 0 send limit, 0 transport error)], stompSubProtocol[processed CONNECT(56)-CONNECTED(56)-DISCONNECT(51)], stompBrokerRelay[null], inboundChannel[pool size = 0, active threads = 0, queued tasks = 0, completed tasks = 825], outboundChannel[pool size = 0, active threads = 0, queued tasks = 0, completed tasks = 162], sockJsScheduler[pool size = 18, active threads = 1, queued tasks = 1, completed tasks = 875]
2025-07-11 07:41:56 INFO  c.s.f.s.Filter.JwtValidationFilter - jwt 토큰 검증 : SecurityContextImpl [Authentication=CustomAuthenticationToken [Principal=user002@example.com, Credentials=[PROTECTED], Authenticated=true, Details=null, Granted Authorities=[ROLE_MEMBER]]; userId=2]
2025-07-11 07:41:56 INFO  c.s.f.s.Filter.JwtValidationFilter - jwt 토큰 검증 : SecurityContextImpl [Authentication=CustomAuthenticationToken [Principal=user002@example.com, Credentials=[PROTECTED], Authenticated=true, Details=null, Granted Authorities=[ROLE_MEMBER]]; userId=2]
2025-07-11 07:41:56 INFO  c.s.f.b.controller.bidLogController - 입찰 제안 조회 요청 - 게시글 ID: 3
2025-07-11 07:43:35 INFO  c.s.f.s.Filter.JwtValidationFilter - jwt 토큰 검증 : SecurityContextImpl [Authentication=CustomAuthenticationToken [Principal=user002@example.com, Credentials=[PROTECTED], Authenticated=true, Details=null, Granted Authorities=[ROLE_MEMBER]]; userId=2]
2025-07-11 07:43:35 INFO  c.s.f.s.Filter.JwtValidationFilter - jwt 토큰 검증 : SecurityContextImpl [Authentication=CustomAuthenticationToken [Principal=user002@example.com, Credentials=[PROTECTED], Authenticated=true, Details=null, Granted Authorities=[ROLE_MEMBER]]; userId=2]
2025-07-11 07:43:35 INFO  c.s.f.b.controller.bidLogController - 입찰 제안 조회 요청 - 게시글 ID: 3
2025-07-11 07:43:35 INFO  c.s.f.g.c.AuthChannelInterceptor - websocket connect 
2025-07-11 07:43:35 INFO  c.s.f.g.c.AuthChannelInterceptor - 웹소켓 요청 jwt 토큰 검증 : SecurityContextImpl [Authentication=CustomAuthenticationToken [Principal=user002@example.com, Credentials=[PROTECTED], Authenticated=true, Details=null, Granted Authorities=[ROLE_MEMBER]]; userId=2]
2025-07-11 07:43:35 INFO  c.s.f.g.c.AuthChannelInterceptor - SUBSCRIBE 요청: sessionId=a01eca0a-88b4-59dd-fbe7-ca3a1ef630d4, destination=/topic/bidding/3
2025-07-11 07:43:35 INFO  c.s.f.g.c.AuthChannelInterceptor - accessor.getSessionAttributes().get("userAuthentication")CustomAuthenticationToken [Principal=user002@example.com, Credentials=[PROTECTED], Authenticated=true, Details=null, Granted Authorities=[ROLE_MEMBER]]; userId=2
2025-07-11 07:43:35 INFO  c.s.f.g.c.AuthChannelInterceptor - SUBSCRIBE 시 유저 인증 존재함: CustomAuthenticationToken [Principal=user002@example.com, Credentials=[PROTECTED], Authenticated=true, Details=null, Granted Authorities=[ROLE_MEMBER]]; userId=2
2025-07-11 07:43:54 INFO  c.s.f.s.Filter.JwtValidationFilter - jwt 토큰 검증 : SecurityContextImpl [Authentication=CustomAuthenticationToken [Principal=user002@example.com, Credentials=[PROTECTED], Authenticated=true, Details=null, Granted Authorities=[ROLE_MEMBER]]; userId=2]
2025-07-11 07:43:54 INFO  c.s.f.s.Filter.JwtValidationFilter - jwt 토큰 검증 : SecurityContextImpl [Authentication=CustomAuthenticationToken [Principal=user002@example.com, Credentials=[PROTECTED], Authenticated=true, Details=null, Granted Authorities=[ROLE_MEMBER]]; userId=2]
2025-07-11 07:43:54 INFO  c.s.f.b.controller.bidLogController - 입찰 제안 조회 요청 - 게시글 ID: 3
2025-07-11 07:44:43 INFO  c.s.f.s.Filter.JwtValidationFilter - jwt 토큰 검증 : SecurityContextImpl [Authentication=CustomAuthenticationToken [Principal=user002@example.com, Credentials=[PROTECTED], Authenticated=true, Details=null, Granted Authorities=[ROLE_MEMBER]]; userId=2]
2025-07-11 07:44:43 INFO  c.s.f.s.Filter.JwtValidationFilter - jwt 토큰 검증 : SecurityContextImpl [Authentication=CustomAuthenticationToken [Principal=user002@example.com, Credentials=[PROTECTED], Authenticated=true, Details=null, Granted Authorities=[ROLE_MEMBER]]; userId=2]
2025-07-11 07:44:43 INFO  c.s.f.b.controller.bidLogController - 입찰 제안 조회 요청 - 게시글 ID: 3
2025-07-11 07:45:21 INFO  c.s.f.s.Filter.JwtValidationFilter - jwt 토큰 검증 : SecurityContextImpl [Authentication=CustomAuthenticationToken [Principal=user002@example.com, Credentials=[PROTECTED], Authenticated=true, Details=null, Granted Authorities=[ROLE_MEMBER]]; userId=2]
2025-07-11 07:45:21 INFO  c.s.f.s.Filter.JwtValidationFilter - jwt 토큰 검증 : SecurityContextImpl [Authentication=CustomAuthenticationToken [Principal=user002@example.com, Credentials=[PROTECTED], Authenticated=true, Details=null, Granted Authorities=[ROLE_MEMBER]]; userId=2]
2025-07-11 07:45:21 INFO  c.s.f.b.controller.bidLogController - 입찰 제안 조회 요청 - 게시글 ID: 3
2025-07-11 07:45:21 INFO  c.s.f.g.c.AuthChannelInterceptor - websocket connect 
2025-07-11 07:45:21 INFO  c.s.f.g.c.AuthChannelInterceptor - 웹소켓 요청 jwt 토큰 검증 : SecurityContextImpl [Authentication=CustomAuthenticationToken [Principal=user002@example.com, Credentials=[PROTECTED], Authenticated=true, Details=null, Granted Authorities=[ROLE_MEMBER]]; userId=2]
2025-07-11 07:45:21 INFO  c.s.f.g.c.AuthChannelInterceptor - SUBSCRIBE 요청: sessionId=53a5aff8-8d62-5fa1-3114-dcb769ca3f89, destination=/topic/bidding/3
2025-07-11 07:45:21 INFO  c.s.f.g.c.AuthChannelInterceptor - accessor.getSessionAttributes().get("userAuthentication")CustomAuthenticationToken [Principal=user002@example.com, Credentials=[PROTECTED], Authenticated=true, Details=null, Granted Authorities=[ROLE_MEMBER]]; userId=2
2025-07-11 07:45:21 INFO  c.s.f.g.c.AuthChannelInterceptor - SUBSCRIBE 시 유저 인증 존재함: CustomAuthenticationToken [Principal=user002@example.com, Credentials=[PROTECTED], Authenticated=true, Details=null, Granted Authorities=[ROLE_MEMBER]]; userId=2
2025-07-11 07:45:31 INFO  c.s.f.s.Filter.JwtValidationFilter - jwt 토큰 검증 : SecurityContextImpl [Authentication=CustomAuthenticationToken [Principal=user002@example.com, Credentials=[PROTECTED], Authenticated=true, Details=null, Granted Authorities=[ROLE_MEMBER]]; userId=2]
2025-07-11 07:45:31 INFO  c.s.f.s.Filter.JwtValidationFilter - jwt 토큰 검증 : SecurityContextImpl [Authentication=CustomAuthenticationToken [Principal=user002@example.com, Credentials=[PROTECTED], Authenticated=true, Details=null, Granted Authorities=[ROLE_MEMBER]]; userId=2]
2025-07-11 07:45:31 INFO  c.s.f.b.controller.bidLogController - 입찰 제안 조회 요청 - 게시글 ID: 3
2025-07-11 07:45:59 INFO  c.s.f.s.Filter.JwtValidationFilter - jwt 토큰 검증 : SecurityContextImpl [Authentication=CustomAuthenticationToken [Principal=user002@example.com, Credentials=[PROTECTED], Authenticated=true, Details=null, Granted Authorities=[ROLE_MEMBER]]; userId=2]
2025-07-11 07:45:59 INFO  c.s.f.s.Filter.JwtValidationFilter - jwt 토큰 검증 : SecurityContextImpl [Authentication=CustomAuthenticationToken [Principal=user002@example.com, Credentials=[PROTECTED], Authenticated=true, Details=null, Granted Authorities=[ROLE_MEMBER]]; userId=2]
2025-07-11 07:45:59 INFO  c.s.f.b.controller.bidLogController - 입찰 제안 조회 요청 - 게시글 ID: 3
2025-07-11 07:45:59 INFO  c.s.f.g.c.AuthChannelInterceptor - websocket connect 
2025-07-11 07:45:59 INFO  c.s.f.g.c.AuthChannelInterceptor - 웹소켓 요청 jwt 토큰 검증 : SecurityContextImpl [Authentication=CustomAuthenticationToken [Principal=user002@example.com, Credentials=[PROTECTED], Authenticated=true, Details=null, Granted Authorities=[ROLE_MEMBER]]; userId=2]
2025-07-11 07:45:59 INFO  c.s.f.g.c.AuthChannelInterceptor - SUBSCRIBE 요청: sessionId=3678596b-52e5-30d6-fe93-6d87ba3fe7b4, destination=/topic/bidding/3
2025-07-11 07:45:59 INFO  c.s.f.g.c.AuthChannelInterceptor - accessor.getSessionAttributes().get("userAuthentication")CustomAuthenticationToken [Principal=user002@example.com, Credentials=[PROTECTED], Authenticated=true, Details=null, Granted Authorities=[ROLE_MEMBER]]; userId=2
2025-07-11 07:45:59 INFO  c.s.f.g.c.AuthChannelInterceptor - SUBSCRIBE 시 유저 인증 존재함: CustomAuthenticationToken [Principal=user002@example.com, Credentials=[PROTECTED], Authenticated=true, Details=null, Granted Authorities=[ROLE_MEMBER]]; userId=2
2025-07-11 07:49:16 INFO  c.s.f.s.Filter.JwtValidationFilter - jwt 토큰 검증 : SecurityContextImpl [Authentication=CustomAuthenticationToken [Principal=user002@example.com, Credentials=[PROTECTED], Authenticated=true, Details=null, Granted Authorities=[ROLE_MEMBER]]; userId=2]
2025-07-11 07:49:16 INFO  c.s.f.s.Filter.JwtValidationFilter - jwt 토큰 검증 : SecurityContextImpl [Authentication=CustomAuthenticationToken [Principal=user002@example.com, Credentials=[PROTECTED], Authenticated=true, Details=null, Granted Authorities=[ROLE_MEMBER]]; userId=2]
2025-07-11 07:49:16 INFO  c.s.f.b.controller.bidLogController - 입찰 제안 조회 요청 - 게시글 ID: 3
2025-07-11 07:49:23 INFO  c.s.f.g.c.AuthChannelInterceptor - websocket connect 
2025-07-11 07:49:23 INFO  c.s.f.s.Filter.JwtValidationFilter - jwt 토큰 검증 : SecurityContextImpl [Authentication=CustomAuthenticationToken [Principal=user002@example.com, Credentials=[PROTECTED], Authenticated=true, Details=null, Granted Authorities=[ROLE_MEMBER]]; userId=2]
2025-07-11 07:49:23 INFO  c.s.f.b.controller.bidLogController - 입찰 제안 조회 요청 - 게시글 ID: 3
2025-07-11 07:49:23 INFO  c.s.f.s.Filter.JwtValidationFilter - jwt 토큰 검증 : SecurityContextImpl [Authentication=CustomAuthenticationToken [Principal=user002@example.com, Credentials=[PROTECTED], Authenticated=true, Details=null, Granted Authorities=[ROLE_MEMBER]]; userId=2]
2025-07-11 07:49:23 INFO  c.s.f.g.c.AuthChannelInterceptor - 웹소켓 요청 jwt 토큰 검증 : SecurityContextImpl [Authentication=CustomAuthenticationToken [Principal=user002@example.com, Credentials=[PROTECTED], Authenticated=true, Details=null, Granted Authorities=[ROLE_MEMBER]]; userId=2]
2025-07-11 07:49:23 INFO  c.s.f.g.c.AuthChannelInterceptor - SUBSCRIBE 요청: sessionId=df736bc4-2045-0d5e-a041-4e1e40056a66, destination=/topic/bidding/3
2025-07-11 07:49:23 INFO  c.s.f.g.c.AuthChannelInterceptor - accessor.getSessionAttributes().get("userAuthentication")CustomAuthenticationToken [Principal=user002@example.com, Credentials=[PROTECTED], Authenticated=true, Details=null, Granted Authorities=[ROLE_MEMBER]]; userId=2
2025-07-11 07:49:23 INFO  c.s.f.g.c.AuthChannelInterceptor - SUBSCRIBE 시 유저 인증 존재함: CustomAuthenticationToken [Principal=user002@example.com, Credentials=[PROTECTED], Authenticated=true, Details=null, Granted Authorities=[ROLE_MEMBER]]; userId=2
2025-07-11 07:49:49 INFO  c.s.f.s.Filter.JwtValidationFilter - jwt 토큰 검증 : SecurityContextImpl [Authentication=CustomAuthenticationToken [Principal=user002@example.com, Credentials=[PROTECTED], Authenticated=true, Details=null, Granted Authorities=[ROLE_MEMBER]]; userId=2]
2025-07-11 07:49:49 INFO  c.s.f.s.Filter.JwtValidationFilter - jwt 토큰 검증 : SecurityContextImpl [Authentication=CustomAuthenticationToken [Principal=user002@example.com, Credentials=[PROTECTED], Authenticated=true, Details=null, Granted Authorities=[ROLE_MEMBER]]; userId=2]
2025-07-11 07:49:49 INFO  c.s.f.b.controller.bidLogController - 입찰 제안 조회 요청 - 게시글 ID: 3
2025-07-11 07:49:49 INFO  c.s.f.g.c.AuthChannelInterceptor - websocket connect 
2025-07-11 07:49:49 INFO  c.s.f.g.c.AuthChannelInterceptor - 웹소켓 요청 jwt 토큰 검증 : SecurityContextImpl [Authentication=CustomAuthenticationToken [Principal=user002@example.com, Credentials=[PROTECTED], Authenticated=true, Details=null, Granted Authorities=[ROLE_MEMBER]]; userId=2]
2025-07-11 07:49:49 INFO  c.s.f.g.c.AuthChannelInterceptor - SUBSCRIBE 요청: sessionId=58036ba4-cfbc-f70a-19e5-98ffa93e557a, destination=/topic/bidding/3
2025-07-11 07:49:49 INFO  c.s.f.g.c.AuthChannelInterceptor - accessor.getSessionAttributes().get("userAuthentication")CustomAuthenticationToken [Principal=user002@example.com, Credentials=[PROTECTED], Authenticated=true, Details=null, Granted Authorities=[ROLE_MEMBER]]; userId=2
2025-07-11 07:49:49 INFO  c.s.f.g.c.AuthChannelInterceptor - SUBSCRIBE 시 유저 인증 존재함: CustomAuthenticationToken [Principal=user002@example.com, Credentials=[PROTECTED], Authenticated=true, Details=null, Granted Authorities=[ROLE_MEMBER]]; userId=2
2025-07-11 07:50:03 INFO  c.s.f.s.Filter.JwtValidationFilter - jwt 토큰 검증 : SecurityContextImpl [Authentication=CustomAuthenticationToken [Principal=user002@example.com, Credentials=[PROTECTED], Authenticated=true, Details=null, Granted Authorities=[ROLE_MEMBER]]; userId=2]
2025-07-11 07:50:03 INFO  c.s.f.s.Filter.JwtValidationFilter - jwt 토큰 검증 : SecurityContextImpl [Authentication=CustomAuthenticationToken [Principal=user002@example.com, Credentials=[PROTECTED], Authenticated=true, Details=null, Granted Authorities=[ROLE_MEMBER]]; userId=2]
2025-07-11 07:50:03 INFO  c.s.f.b.controller.bidLogController - 입찰 제안 조회 요청 - 게시글 ID: 3
2025-07-11 07:52:33 INFO  c.s.f.g.c.AuthChannelInterceptor - websocket connect 
2025-07-11 07:52:33 INFO  c.s.f.s.Filter.JwtValidationFilter - jwt 토큰 검증 : SecurityContextImpl [Authentication=CustomAuthenticationToken [Principal=user002@example.com, Credentials=[PROTECTED], Authenticated=true, Details=null, Granted Authorities=[ROLE_MEMBER]]; userId=2]
2025-07-11 07:52:33 INFO  c.s.f.s.Filter.JwtValidationFilter - jwt 토큰 검증 : SecurityContextImpl [Authentication=CustomAuthenticationToken [Principal=user002@example.com, Credentials=[PROTECTED], Authenticated=true, Details=null, Granted Authorities=[ROLE_MEMBER]]; userId=2]
2025-07-11 07:52:33 INFO  c.s.f.b.controller.bidLogController - 입찰 제안 조회 요청 - 게시글 ID: 3
2025-07-11 07:52:33 INFO  c.s.f.g.c.AuthChannelInterceptor - 웹소켓 요청 jwt 토큰 검증 : SecurityContextImpl [Authentication=CustomAuthenticationToken [Principal=user002@example.com, Credentials=[PROTECTED], Authenticated=true, Details=null, Granted Authorities=[ROLE_MEMBER]]; userId=2]
2025-07-11 07:52:33 INFO  c.s.f.g.c.AuthChannelInterceptor - SUBSCRIBE 요청: sessionId=12cc435b-af28-a2d6-4643-561da0e77c97, destination=/topic/bidding/3
2025-07-11 07:52:33 INFO  c.s.f.g.c.AuthChannelInterceptor - accessor.getSessionAttributes().get("userAuthentication")CustomAuthenticationToken [Principal=user002@example.com, Credentials=[PROTECTED], Authenticated=true, Details=null, Granted Authorities=[ROLE_MEMBER]]; userId=2
2025-07-11 07:52:33 INFO  c.s.f.g.c.AuthChannelInterceptor - SUBSCRIBE 시 유저 인증 존재함: CustomAuthenticationToken [Principal=user002@example.com, Credentials=[PROTECTED], Authenticated=true, Details=null, Granted Authorities=[ROLE_MEMBER]]; userId=2
2025-07-11 07:53:45 INFO  c.s.f.s.Filter.JwtValidationFilter - jwt 토큰 검증 : SecurityContextImpl [Authentication=CustomAuthenticationToken [Principal=user002@example.com, Credentials=[PROTECTED], Authenticated=true, Details=null, Granted Authorities=[ROLE_MEMBER]]; userId=2]
2025-07-11 07:53:45 INFO  c.s.f.b.controller.bidLogController - 입찰 제안 조회 요청 - 게시글 ID: 3
2025-07-11 07:53:45 INFO  c.s.f.s.Filter.JwtValidationFilter - jwt 토큰 검증 : SecurityContextImpl [Authentication=CustomAuthenticationToken [Principal=user002@example.com, Credentials=[PROTECTED], Authenticated=true, Details=null, Granted Authorities=[ROLE_MEMBER]]; userId=2]
2025-07-11 07:53:45 INFO  c.s.f.g.c.AuthChannelInterceptor - websocket connect 
2025-07-11 07:53:45 INFO  c.s.f.g.c.AuthChannelInterceptor - 웹소켓 요청 jwt 토큰 검증 : SecurityContextImpl [Authentication=CustomAuthenticationToken [Principal=user002@example.com, Credentials=[PROTECTED], Authenticated=true, Details=null, Granted Authorities=[ROLE_MEMBER]]; userId=2]
2025-07-11 07:53:45 INFO  c.s.f.g.c.AuthChannelInterceptor - SUBSCRIBE 요청: sessionId=18a5d696-abff-54a3-308a-484a976b5c1b, destination=/topic/bidding/3
2025-07-11 07:53:45 INFO  c.s.f.g.c.AuthChannelInterceptor - accessor.getSessionAttributes().get("userAuthentication")CustomAuthenticationToken [Principal=user002@example.com, Credentials=[PROTECTED], Authenticated=true, Details=null, Granted Authorities=[ROLE_MEMBER]]; userId=2
2025-07-11 07:53:45 INFO  c.s.f.g.c.AuthChannelInterceptor - SUBSCRIBE 시 유저 인증 존재함: CustomAuthenticationToken [Principal=user002@example.com, Credentials=[PROTECTED], Authenticated=true, Details=null, Granted Authorities=[ROLE_MEMBER]]; userId=2
2025-07-11 07:53:53 INFO  c.s.f.s.Filter.JwtValidationFilter - jwt 토큰 검증 : SecurityContextImpl [Authentication=CustomAuthenticationToken [Principal=user002@example.com, Credentials=[PROTECTED], Authenticated=true, Details=null, Granted Authorities=[ROLE_MEMBER]]; userId=2]
2025-07-11 07:53:53 INFO  c.s.f.s.Filter.JwtValidationFilter - jwt 토큰 검증 : SecurityContextImpl [Authentication=CustomAuthenticationToken [Principal=user002@example.com, Credentials=[PROTECTED], Authenticated=true, Details=null, Granted Authorities=[ROLE_MEMBER]]; userId=2]
2025-07-11 07:53:53 INFO  c.s.f.b.controller.bidLogController - 입찰 제안 조회 요청 - 게시글 ID: 3
2025-07-11 07:55:09 INFO  c.s.f.s.Filter.JwtValidationFilter - jwt 토큰 검증 : SecurityContextImpl [Authentication=CustomAuthenticationToken [Principal=user002@example.com, Credentials=[PROTECTED], Authenticated=true, Details=null, Granted Authorities=[ROLE_MEMBER]]; userId=2]
2025-07-11 07:55:09 INFO  c.s.f.s.Filter.JwtValidationFilter - jwt 토큰 검증 : SecurityContextImpl [Authentication=CustomAuthenticationToken [Principal=user002@example.com, Credentials=[PROTECTED], Authenticated=true, Details=null, Granted Authorities=[ROLE_MEMBER]]; userId=2]
2025-07-11 07:55:09 INFO  c.s.f.b.controller.bidLogController - 입찰 제안 조회 요청 - 게시글 ID: 3
2025-07-11 07:55:09 INFO  c.s.f.g.c.AuthChannelInterceptor - websocket connect 
2025-07-11 07:55:09 INFO  c.s.f.g.c.AuthChannelInterceptor - 웹소켓 요청 jwt 토큰 검증 : SecurityContextImpl [Authentication=CustomAuthenticationToken [Principal=user002@example.com, Credentials=[PROTECTED], Authenticated=true, Details=null, Granted Authorities=[ROLE_MEMBER]]; userId=2]
2025-07-11 07:55:09 INFO  c.s.f.g.c.AuthChannelInterceptor - SUBSCRIBE 요청: sessionId=874d24b1-ab3a-fbae-a1ae-10f0c67582d6, destination=/topic/bidding/3
2025-07-11 07:55:09 INFO  c.s.f.g.c.AuthChannelInterceptor - accessor.getSessionAttributes().get("userAuthentication")CustomAuthenticationToken [Principal=user002@example.com, Credentials=[PROTECTED], Authenticated=true, Details=null, Granted Authorities=[ROLE_MEMBER]]; userId=2
2025-07-11 07:55:09 INFO  c.s.f.g.c.AuthChannelInterceptor - SUBSCRIBE 시 유저 인증 존재함: CustomAuthenticationToken [Principal=user002@example.com, Credentials=[PROTECTED], Authenticated=true, Details=null, Granted Authorities=[ROLE_MEMBER]]; userId=2
2025-07-11 07:55:34 INFO  c.s.f.s.Filter.JwtValidationFilter - jwt 토큰 검증 : SecurityContextImpl [Authentication=CustomAuthenticationToken [Principal=user002@example.com, Credentials=[PROTECTED], Authenticated=true, Details=null, Granted Authorities=[ROLE_MEMBER]]; userId=2]
2025-07-11 07:55:34 INFO  c.s.f.s.Filter.JwtValidationFilter - jwt 토큰 검증 : SecurityContextImpl [Authentication=CustomAuthenticationToken [Principal=user002@example.com, Credentials=[PROTECTED], Authenticated=true, Details=null, Granted Authorities=[ROLE_MEMBER]]; userId=2]
2025-07-11 07:55:34 INFO  c.s.f.b.controller.bidLogController - 입찰 제안 조회 요청 - 게시글 ID: 3
2025-07-11 07:55:34 INFO  c.s.f.g.c.AuthChannelInterceptor - websocket connect 
2025-07-11 07:55:34 INFO  c.s.f.g.c.AuthChannelInterceptor - 웹소켓 요청 jwt 토큰 검증 : SecurityContextImpl [Authentication=CustomAuthenticationToken [Principal=user002@example.com, Credentials=[PROTECTED], Authenticated=true, Details=null, Granted Authorities=[ROLE_MEMBER]]; userId=2]
2025-07-11 07:55:34 INFO  c.s.f.g.c.AuthChannelInterceptor - SUBSCRIBE 요청: sessionId=3d96c802-3ace-fae2-fa8e-d3e6723d9b2e, destination=/topic/bidding/3
2025-07-11 07:55:34 INFO  c.s.f.g.c.AuthChannelInterceptor - accessor.getSessionAttributes().get("userAuthentication")CustomAuthenticationToken [Principal=user002@example.com, Credentials=[PROTECTED], Authenticated=true, Details=null, Granted Authorities=[ROLE_MEMBER]]; userId=2
2025-07-11 07:55:34 INFO  c.s.f.g.c.AuthChannelInterceptor - SUBSCRIBE 시 유저 인증 존재함: CustomAuthenticationToken [Principal=user002@example.com, Credentials=[PROTECTED], Authenticated=true, Details=null, Granted Authorities=[ROLE_MEMBER]]; userId=2
2025-07-11 07:56:23 INFO  o.s.w.s.c.WebSocketMessageBrokerStats - WebSocketSession[1 current WS(1)-HttpStream(0)-HttpPoll(0), 65 total, 0 closed abnormally (0 connect failure, 0 send limit, 0 transport error)], stompSubProtocol[processed CONNECT(65)-CONNECTED(65)-DISCONNECT(60)], stompBrokerRelay[null], inboundChannel[pool size = 15, active threads = 0, queued tasks = 0, completed tasks = 960], outboundChannel[pool size = 3, active threads = 0, queued tasks = 0, completed tasks = 189], sockJsScheduler[pool size = 18, active threads = 1, queued tasks = 1, completed tasks = 894]
2025-07-11 08:04:23 INFO  c.s.f.s.Filter.JwtValidationFilter - jwt 토큰 검증 : SecurityContextImpl [Authentication=CustomAuthenticationToken [Principal=user002@example.com, Credentials=[PROTECTED], Authenticated=true, Details=null, Granted Authorities=[ROLE_MEMBER]]; userId=2]
2025-07-11 08:04:23 INFO  c.s.f.s.Filter.JwtValidationFilter - jwt 토큰 검증 : SecurityContextImpl [Authentication=CustomAuthenticationToken [Principal=user002@example.com, Credentials=[PROTECTED], Authenticated=true, Details=null, Granted Authorities=[ROLE_MEMBER]]; userId=2]
2025-07-11 08:04:23 INFO  c.s.f.b.controller.bidLogController - 입찰 제안 조회 요청 - 게시글 ID: 3
2025-07-11 08:04:23 INFO  c.s.f.g.c.AuthChannelInterceptor - websocket connect 
2025-07-11 08:04:23 INFO  c.s.f.g.c.AuthChannelInterceptor - 웹소켓 요청 jwt 토큰 검증 : SecurityContextImpl [Authentication=CustomAuthenticationToken [Principal=user002@example.com, Credentials=[PROTECTED], Authenticated=true, Details=null, Granted Authorities=[ROLE_MEMBER]]; userId=2]
2025-07-11 08:04:23 INFO  c.s.f.g.c.AuthChannelInterceptor - SUBSCRIBE 요청: sessionId=cff291e8-699a-e89a-43ef-8d9772d21ceb, destination=/topic/bidding/3
2025-07-11 08:04:23 INFO  c.s.f.g.c.AuthChannelInterceptor - accessor.getSessionAttributes().get("userAuthentication")CustomAuthenticationToken [Principal=user002@example.com, Credentials=[PROTECTED], Authenticated=true, Details=null, Granted Authorities=[ROLE_MEMBER]]; userId=2
2025-07-11 08:04:23 INFO  c.s.f.g.c.AuthChannelInterceptor - SUBSCRIBE 시 유저 인증 존재함: CustomAuthenticationToken [Principal=user002@example.com, Credentials=[PROTECTED], Authenticated=true, Details=null, Granted Authorities=[ROLE_MEMBER]]; userId=2
2025-07-11 08:05:39 INFO  c.s.f.s.Filter.JwtValidationFilter - jwt 토큰 검증 : SecurityContextImpl [Authentication=CustomAuthenticationToken [Principal=user002@example.com, Credentials=[PROTECTED], Authenticated=true, Details=null, Granted Authorities=[ROLE_MEMBER]]; userId=2]
2025-07-11 08:05:39 INFO  c.s.f.s.Filter.JwtValidationFilter - jwt 토큰 검증 : SecurityContextImpl [Authentication=CustomAuthenticationToken [Principal=user002@example.com, Credentials=[PROTECTED], Authenticated=true, Details=null, Granted Authorities=[ROLE_MEMBER]]; userId=2]
2025-07-11 08:05:39 INFO  c.s.f.b.controller.bidLogController - 입찰 제안 조회 요청 - 게시글 ID: 3
2025-07-11 08:05:39 INFO  c.s.f.g.c.AuthChannelInterceptor - websocket connect 
2025-07-11 08:05:39 INFO  c.s.f.g.c.AuthChannelInterceptor - 웹소켓 요청 jwt 토큰 검증 : SecurityContextImpl [Authentication=CustomAuthenticationToken [Principal=user002@example.com, Credentials=[PROTECTED], Authenticated=true, Details=null, Granted Authorities=[ROLE_MEMBER]]; userId=2]
2025-07-11 08:05:39 INFO  c.s.f.g.c.AuthChannelInterceptor - SUBSCRIBE 요청: sessionId=c0a54cb7-f2f4-b0d3-84a2-a30dee2dcd3f, destination=/topic/bidding/3
2025-07-11 08:05:39 INFO  c.s.f.g.c.AuthChannelInterceptor - accessor.getSessionAttributes().get("userAuthentication")CustomAuthenticationToken [Principal=user002@example.com, Credentials=[PROTECTED], Authenticated=true, Details=null, Granted Authorities=[ROLE_MEMBER]]; userId=2
2025-07-11 08:05:39 INFO  c.s.f.g.c.AuthChannelInterceptor - SUBSCRIBE 시 유저 인증 존재함: CustomAuthenticationToken [Principal=user002@example.com, Credentials=[PROTECTED], Authenticated=true, Details=null, Granted Authorities=[ROLE_MEMBER]]; userId=2
2025-07-11 08:07:56 INFO  c.s.f.s.Filter.JwtValidationFilter - jwt 토큰 검증 : SecurityContextImpl [Authentication=CustomAuthenticationToken [Principal=user002@example.com, Credentials=[PROTECTED], Authenticated=true, Details=null, Granted Authorities=[ROLE_MEMBER]]; userId=2]
2025-07-11 08:07:56 INFO  c.s.f.s.Filter.JwtValidationFilter - jwt 토큰 검증 : SecurityContextImpl [Authentication=CustomAuthenticationToken [Principal=user002@example.com, Credentials=[PROTECTED], Authenticated=true, Details=null, Granted Authorities=[ROLE_MEMBER]]; userId=2]
2025-07-11 08:07:56 INFO  c.s.f.b.controller.bidLogController - 입찰 제안 조회 요청 - 게시글 ID: 3
2025-07-11 08:07:56 INFO  c.s.f.g.c.AuthChannelInterceptor - websocket connect 
2025-07-11 08:07:56 INFO  c.s.f.g.c.AuthChannelInterceptor - 웹소켓 요청 jwt 토큰 검증 : SecurityContextImpl [Authentication=CustomAuthenticationToken [Principal=user002@example.com, Credentials=[PROTECTED], Authenticated=true, Details=null, Granted Authorities=[ROLE_MEMBER]]; userId=2]
2025-07-11 08:07:56 INFO  c.s.f.g.c.AuthChannelInterceptor - SUBSCRIBE 요청: sessionId=f0fb9716-9f31-bcd2-5275-27686a0b923d, destination=/topic/bidding/3
2025-07-11 08:07:56 INFO  c.s.f.g.c.AuthChannelInterceptor - accessor.getSessionAttributes().get("userAuthentication")CustomAuthenticationToken [Principal=user002@example.com, Credentials=[PROTECTED], Authenticated=true, Details=null, Granted Authorities=[ROLE_MEMBER]]; userId=2
2025-07-11 08:07:56 INFO  c.s.f.g.c.AuthChannelInterceptor - SUBSCRIBE 시 유저 인증 존재함: CustomAuthenticationToken [Principal=user002@example.com, Credentials=[PROTECTED], Authenticated=true, Details=null, Granted Authorities=[ROLE_MEMBER]]; userId=2
2025-07-11 08:08:16 INFO  c.s.f.s.Filter.JwtValidationFilter - jwt 토큰 검증 : SecurityContextImpl [Authentication=CustomAuthenticationToken [Principal=user002@example.com, Credentials=[PROTECTED], Authenticated=true, Details=null, Granted Authorities=[ROLE_MEMBER]]; userId=2]
2025-07-11 08:08:16 INFO  c.s.f.s.Filter.JwtValidationFilter - jwt 토큰 검증 : SecurityContextImpl [Authentication=CustomAuthenticationToken [Principal=user002@example.com, Credentials=[PROTECTED], Authenticated=true, Details=null, Granted Authorities=[ROLE_MEMBER]]; userId=2]
2025-07-11 08:08:16 INFO  c.s.f.b.controller.bidLogController - 입찰 제안 조회 요청 - 게시글 ID: 3
2025-07-11 08:08:16 INFO  c.s.f.g.c.AuthChannelInterceptor - websocket connect 
2025-07-11 08:08:17 INFO  c.s.f.g.c.AuthChannelInterceptor - 웹소켓 요청 jwt 토큰 검증 : SecurityContextImpl [Authentication=CustomAuthenticationToken [Principal=user002@example.com, Credentials=[PROTECTED], Authenticated=true, Details=null, Granted Authorities=[ROLE_MEMBER]]; userId=2]
2025-07-11 08:08:17 INFO  c.s.f.g.c.AuthChannelInterceptor - SUBSCRIBE 요청: sessionId=524b0f4e-eccc-28bb-acad-1e2d02ce769a, destination=/topic/bidding/3
2025-07-11 08:08:17 INFO  c.s.f.g.c.AuthChannelInterceptor - accessor.getSessionAttributes().get("userAuthentication")CustomAuthenticationToken [Principal=user002@example.com, Credentials=[PROTECTED], Authenticated=true, Details=null, Granted Authorities=[ROLE_MEMBER]]; userId=2
2025-07-11 08:08:17 INFO  c.s.f.g.c.AuthChannelInterceptor - SUBSCRIBE 시 유저 인증 존재함: CustomAuthenticationToken [Principal=user002@example.com, Credentials=[PROTECTED], Authenticated=true, Details=null, Granted Authorities=[ROLE_MEMBER]]; userId=2
2025-07-11 08:08:31 INFO  c.s.f.s.Filter.JwtValidationFilter - jwt 토큰 검증 : SecurityContextImpl [Authentication=CustomAuthenticationToken [Principal=user002@example.com, Credentials=[PROTECTED], Authenticated=true, Details=null, Granted Authorities=[ROLE_MEMBER]]; userId=2]
2025-07-11 08:08:31 INFO  c.s.f.g.c.AuthChannelInterceptor - websocket connect 
2025-07-11 08:08:31 INFO  c.s.f.s.Filter.JwtValidationFilter - jwt 토큰 검증 : SecurityContextImpl [Authentication=CustomAuthenticationToken [Principal=user002@example.com, Credentials=[PROTECTED], Authenticated=true, Details=null, Granted Authorities=[ROLE_MEMBER]]; userId=2]
2025-07-11 08:08:31 INFO  c.s.f.b.controller.bidLogController - 입찰 제안 조회 요청 - 게시글 ID: 3
2025-07-11 08:08:31 INFO  c.s.f.g.c.AuthChannelInterceptor - 웹소켓 요청 jwt 토큰 검증 : SecurityContextImpl [Authentication=CustomAuthenticationToken [Principal=user002@example.com, Credentials=[PROTECTED], Authenticated=true, Details=null, Granted Authorities=[ROLE_MEMBER]]; userId=2]
2025-07-11 08:08:31 INFO  c.s.f.g.c.AuthChannelInterceptor - SUBSCRIBE 요청: sessionId=e2a8770e-eb1c-ab9c-0734-dc61f6f5d42d, destination=/topic/bidding/3
2025-07-11 08:08:31 INFO  c.s.f.g.c.AuthChannelInterceptor - accessor.getSessionAttributes().get("userAuthentication")CustomAuthenticationToken [Principal=user002@example.com, Credentials=[PROTECTED], Authenticated=true, Details=null, Granted Authorities=[ROLE_MEMBER]]; userId=2
2025-07-11 08:08:31 INFO  c.s.f.g.c.AuthChannelInterceptor - SUBSCRIBE 시 유저 인증 존재함: CustomAuthenticationToken [Principal=user002@example.com, Credentials=[PROTECTED], Authenticated=true, Details=null, Granted Authorities=[ROLE_MEMBER]]; userId=2
2025-07-11 08:10:02 INFO  c.s.f.s.Filter.JwtValidationFilter - jwt 토큰 검증 : SecurityContextImpl [Authentication=CustomAuthenticationToken [Principal=user002@example.com, Credentials=[PROTECTED], Authenticated=true, Details=null, Granted Authorities=[ROLE_MEMBER]]; userId=2]
2025-07-11 08:10:02 INFO  c.s.f.s.Filter.JwtValidationFilter - jwt 토큰 검증 : SecurityContextImpl [Authentication=CustomAuthenticationToken [Principal=user002@example.com, Credentials=[PROTECTED], Authenticated=true, Details=null, Granted Authorities=[ROLE_MEMBER]]; userId=2]
2025-07-11 08:10:02 INFO  c.s.f.b.controller.bidLogController - 입찰 제안 조회 요청 - 게시글 ID: 3
2025-07-11 08:10:02 INFO  c.s.f.g.c.AuthChannelInterceptor - websocket connect 
2025-07-11 08:10:02 INFO  c.s.f.g.c.AuthChannelInterceptor - 웹소켓 요청 jwt 토큰 검증 : SecurityContextImpl [Authentication=CustomAuthenticationToken [Principal=user002@example.com, Credentials=[PROTECTED], Authenticated=true, Details=null, Granted Authorities=[ROLE_MEMBER]]; userId=2]
2025-07-11 08:10:02 INFO  c.s.f.g.c.AuthChannelInterceptor - SUBSCRIBE 요청: sessionId=d5893e76-67ac-3cd6-a6b9-bc5869ea4fc1, destination=/topic/bidding/3
2025-07-11 08:10:02 INFO  c.s.f.g.c.AuthChannelInterceptor - accessor.getSessionAttributes().get("userAuthentication")CustomAuthenticationToken [Principal=user002@example.com, Credentials=[PROTECTED], Authenticated=true, Details=null, Granted Authorities=[ROLE_MEMBER]]; userId=2
2025-07-11 08:10:02 INFO  c.s.f.g.c.AuthChannelInterceptor - SUBSCRIBE 시 유저 인증 존재함: CustomAuthenticationToken [Principal=user002@example.com, Credentials=[PROTECTED], Authenticated=true, Details=null, Granted Authorities=[ROLE_MEMBER]]; userId=2
2025-07-11 08:10:12 INFO  c.s.f.s.Filter.JwtValidationFilter - jwt 토큰 검증 : SecurityContextImpl [Authentication=CustomAuthenticationToken [Principal=user002@example.com, Credentials=[PROTECTED], Authenticated=true, Details=null, Granted Authorities=[ROLE_MEMBER]]; userId=2]
2025-07-11 08:10:12 INFO  c.s.f.s.Filter.JwtValidationFilter - jwt 토큰 검증 : SecurityContextImpl [Authentication=CustomAuthenticationToken [Principal=user002@example.com, Credentials=[PROTECTED], Authenticated=true, Details=null, Granted Authorities=[ROLE_MEMBER]]; userId=2]
2025-07-11 08:10:12 INFO  c.s.f.b.controller.bidLogController - 입찰 제안 조회 요청 - 게시글 ID: 3
2025-07-11 08:10:12 INFO  c.s.f.g.c.AuthChannelInterceptor - websocket connect 
2025-07-11 08:10:12 INFO  c.s.f.g.c.AuthChannelInterceptor - 웹소켓 요청 jwt 토큰 검증 : SecurityContextImpl [Authentication=CustomAuthenticationToken [Principal=user002@example.com, Credentials=[PROTECTED], Authenticated=true, Details=null, Granted Authorities=[ROLE_MEMBER]]; userId=2]
2025-07-11 08:10:12 INFO  c.s.f.g.c.AuthChannelInterceptor - SUBSCRIBE 요청: sessionId=11c4a43c-4ca4-c31c-2f70-4ecf651b1d2b, destination=/topic/bidding/3
2025-07-11 08:10:12 INFO  c.s.f.g.c.AuthChannelInterceptor - accessor.getSessionAttributes().get("userAuthentication")CustomAuthenticationToken [Principal=user002@example.com, Credentials=[PROTECTED], Authenticated=true, Details=null, Granted Authorities=[ROLE_MEMBER]]; userId=2
2025-07-11 08:10:12 INFO  c.s.f.g.c.AuthChannelInterceptor - SUBSCRIBE 시 유저 인증 존재함: CustomAuthenticationToken [Principal=user002@example.com, Credentials=[PROTECTED], Authenticated=true, Details=null, Granted Authorities=[ROLE_MEMBER]]; userId=2
2025-07-11 08:11:15 INFO  c.s.f.g.c.AuthChannelInterceptor - websocket connect 
2025-07-11 08:11:15 INFO  c.s.f.s.Filter.JwtValidationFilter - jwt 토큰 검증 : SecurityContextImpl [Authentication=CustomAuthenticationToken [Principal=user002@example.com, Credentials=[PROTECTED], Authenticated=true, Details=null, Granted Authorities=[ROLE_MEMBER]]; userId=2]
2025-07-11 08:11:15 INFO  c.s.f.b.controller.bidLogController - 입찰 제안 조회 요청 - 게시글 ID: 3
2025-07-11 08:11:15 INFO  c.s.f.s.Filter.JwtValidationFilter - jwt 토큰 검증 : SecurityContextImpl [Authentication=CustomAuthenticationToken [Principal=user002@example.com, Credentials=[PROTECTED], Authenticated=true, Details=null, Granted Authorities=[ROLE_MEMBER]]; userId=2]
2025-07-11 08:11:15 INFO  c.s.f.g.c.AuthChannelInterceptor - 웹소켓 요청 jwt 토큰 검증 : SecurityContextImpl [Authentication=CustomAuthenticationToken [Principal=user002@example.com, Credentials=[PROTECTED], Authenticated=true, Details=null, Granted Authorities=[ROLE_MEMBER]]; userId=2]
2025-07-11 08:11:15 INFO  c.s.f.g.c.AuthChannelInterceptor - SUBSCRIBE 요청: sessionId=dfa1b484-45e7-7ca5-7b26-840522c01d86, destination=/topic/bidding/3
2025-07-11 08:11:15 INFO  c.s.f.g.c.AuthChannelInterceptor - accessor.getSessionAttributes().get("userAuthentication")CustomAuthenticationToken [Principal=user002@example.com, Credentials=[PROTECTED], Authenticated=true, Details=null, Granted Authorities=[ROLE_MEMBER]]; userId=2
2025-07-11 08:11:15 INFO  c.s.f.g.c.AuthChannelInterceptor - SUBSCRIBE 시 유저 인증 존재함: CustomAuthenticationToken [Principal=user002@example.com, Credentials=[PROTECTED], Authenticated=true, Details=null, Granted Authorities=[ROLE_MEMBER]]; userId=2
2025-07-11 08:11:20 INFO  c.s.f.s.Filter.JwtValidationFilter - jwt 토큰 검증 : SecurityContextImpl [Authentication=CustomAuthenticationToken [Principal=user002@example.com, Credentials=[PROTECTED], Authenticated=true, Details=null, Granted Authorities=[ROLE_MEMBER]]; userId=2]
2025-07-11 08:11:20 INFO  c.s.f.s.Filter.JwtValidationFilter - jwt 토큰 검증 : SecurityContextImpl [Authentication=CustomAuthenticationToken [Principal=user002@example.com, Credentials=[PROTECTED], Authenticated=true, Details=null, Granted Authorities=[ROLE_MEMBER]]; userId=2]
2025-07-11 08:11:20 INFO  c.s.f.g.c.AuthChannelInterceptor - websocket connect 
2025-07-11 08:11:20 INFO  c.s.f.b.controller.bidLogController - 입찰 제안 조회 요청 - 게시글 ID: 3
2025-07-11 08:11:20 INFO  c.s.f.g.c.AuthChannelInterceptor - 웹소켓 요청 jwt 토큰 검증 : SecurityContextImpl [Authentication=CustomAuthenticationToken [Principal=user002@example.com, Credentials=[PROTECTED], Authenticated=true, Details=null, Granted Authorities=[ROLE_MEMBER]]; userId=2]
2025-07-11 08:11:20 INFO  c.s.f.g.c.AuthChannelInterceptor - SUBSCRIBE 요청: sessionId=defcd83f-a7c3-7953-adde-3cc088b5dfc8, destination=/topic/bidding/3
2025-07-11 08:11:20 INFO  c.s.f.g.c.AuthChannelInterceptor - accessor.getSessionAttributes().get("userAuthentication")CustomAuthenticationToken [Principal=user002@example.com, Credentials=[PROTECTED], Authenticated=true, Details=null, Granted Authorities=[ROLE_MEMBER]]; userId=2
2025-07-11 08:11:20 INFO  c.s.f.g.c.AuthChannelInterceptor - SUBSCRIBE 시 유저 인증 존재함: CustomAuthenticationToken [Principal=user002@example.com, Credentials=[PROTECTED], Authenticated=true, Details=null, Granted Authorities=[ROLE_MEMBER]]; userId=2
2025-07-11 08:11:25 INFO  c.s.f.s.Filter.JwtValidationFilter - jwt 토큰 검증 : SecurityContextImpl [Authentication=CustomAuthenticationToken [Principal=user002@example.com, Credentials=[PROTECTED], Authenticated=true, Details=null, Granted Authorities=[ROLE_MEMBER]]; userId=2]
2025-07-11 08:11:25 INFO  c.s.f.s.Filter.JwtValidationFilter - jwt 토큰 검증 : SecurityContextImpl [Authentication=CustomAuthenticationToken [Principal=user002@example.com, Credentials=[PROTECTED], Authenticated=true, Details=null, Granted Authorities=[ROLE_MEMBER]]; userId=2]
2025-07-11 08:11:25 INFO  c.s.f.s.Filter.JwtValidationFilter - jwt 토큰 검증 : SecurityContextImpl [Authentication=CustomAuthenticationToken [Principal=user002@example.com, Credentials=[PROTECTED], Authenticated=true, Details=null, Granted Authorities=[ROLE_MEMBER]]; userId=2]
2025-07-11 08:11:26 INFO  c.s.f.s.Filter.JwtValidationFilter - jwt 토큰 검증 : SecurityContextImpl [Authentication=CustomAuthenticationToken [Principal=user002@example.com, Credentials=[PROTECTED], Authenticated=true, Details=null, Granted Authorities=[ROLE_MEMBER]]; userId=2]
2025-07-11 08:11:26 INFO  c.s.f.s.Filter.JwtValidationFilter - jwt 토큰 검증 : SecurityContextImpl [Authentication=CustomAuthenticationToken [Principal=user002@example.com, Credentials=[PROTECTED], Authenticated=true, Details=null, Granted Authorities=[ROLE_MEMBER]]; userId=2]
2025-07-11 08:11:26 INFO  c.s.f.b.controller.bidLogController - 입찰 제안 조회 요청 - 게시글 ID: 3
2025-07-11 08:11:26 INFO  c.s.f.g.c.AuthChannelInterceptor - websocket connect 
2025-07-11 08:11:26 INFO  c.s.f.g.c.AuthChannelInterceptor - 웹소켓 요청 jwt 토큰 검증 : SecurityContextImpl [Authentication=CustomAuthenticationToken [Principal=user002@example.com, Credentials=[PROTECTED], Authenticated=true, Details=null, Granted Authorities=[ROLE_MEMBER]]; userId=2]
2025-07-11 08:11:26 INFO  c.s.f.g.c.AuthChannelInterceptor - SUBSCRIBE 요청: sessionId=3a94d6da-8d5f-2cf1-8531-66dcf140efb9, destination=/topic/bidding/3
2025-07-11 08:11:26 INFO  c.s.f.g.c.AuthChannelInterceptor - accessor.getSessionAttributes().get("userAuthentication")CustomAuthenticationToken [Principal=user002@example.com, Credentials=[PROTECTED], Authenticated=true, Details=null, Granted Authorities=[ROLE_MEMBER]]; userId=2
2025-07-11 08:11:26 INFO  c.s.f.g.c.AuthChannelInterceptor - SUBSCRIBE 시 유저 인증 존재함: CustomAuthenticationToken [Principal=user002@example.com, Credentials=[PROTECTED], Authenticated=true, Details=null, Granted Authorities=[ROLE_MEMBER]]; userId=2
2025-07-11 08:11:59 INFO  c.s.f.s.Filter.JwtValidationFilter - jwt 토큰 검증 : SecurityContextImpl [Authentication=CustomAuthenticationToken [Principal=user002@example.com, Credentials=[PROTECTED], Authenticated=true, Details=null, Granted Authorities=[ROLE_MEMBER]]; userId=2]
2025-07-11 08:11:59 INFO  c.s.f.s.Filter.JwtValidationFilter - jwt 토큰 검증 : SecurityContextImpl [Authentication=CustomAuthenticationToken [Principal=user002@example.com, Credentials=[PROTECTED], Authenticated=true, Details=null, Granted Authorities=[ROLE_MEMBER]]; userId=2]
2025-07-11 08:11:59 INFO  c.s.f.b.controller.bidLogController - 입찰 제안 조회 요청 - 게시글 ID: 3
2025-07-11 08:11:59 INFO  c.s.f.g.c.AuthChannelInterceptor - websocket connect 
2025-07-11 08:11:59 INFO  c.s.f.g.c.AuthChannelInterceptor - 웹소켓 요청 jwt 토큰 검증 : SecurityContextImpl [Authentication=CustomAuthenticationToken [Principal=user002@example.com, Credentials=[PROTECTED], Authenticated=true, Details=null, Granted Authorities=[ROLE_MEMBER]]; userId=2]
2025-07-11 08:11:59 INFO  c.s.f.g.c.AuthChannelInterceptor - SUBSCRIBE 요청: sessionId=1e12483e-4343-0c71-f612-91f532bb3b16, destination=/topic/bidding/3
2025-07-11 08:11:59 INFO  c.s.f.g.c.AuthChannelInterceptor - accessor.getSessionAttributes().get("userAuthentication")CustomAuthenticationToken [Principal=user002@example.com, Credentials=[PROTECTED], Authenticated=true, Details=null, Granted Authorities=[ROLE_MEMBER]]; userId=2
2025-07-11 08:11:59 INFO  c.s.f.g.c.AuthChannelInterceptor - SUBSCRIBE 시 유저 인증 존재함: CustomAuthenticationToken [Principal=user002@example.com, Credentials=[PROTECTED], Authenticated=true, Details=null, Granted Authorities=[ROLE_MEMBER]]; userId=2
2025-07-11 08:12:39 INFO  c.s.f.s.Filter.JwtValidationFilter - jwt 토큰 검증 : SecurityContextImpl [Authentication=CustomAuthenticationToken [Principal=user002@example.com, Credentials=[PROTECTED], Authenticated=true, Details=null, Granted Authorities=[ROLE_MEMBER]]; userId=2]
2025-07-11 08:12:39 INFO  c.s.f.s.Filter.JwtValidationFilter - jwt 토큰 검증 : SecurityContextImpl [Authentication=CustomAuthenticationToken [Principal=user002@example.com, Credentials=[PROTECTED], Authenticated=true, Details=null, Granted Authorities=[ROLE_MEMBER]]; userId=2]
2025-07-11 08:12:39 INFO  c.s.f.b.controller.bidLogController - 입찰 제안 조회 요청 - 게시글 ID: 3
2025-07-11 08:12:39 INFO  c.s.f.g.c.AuthChannelInterceptor - websocket connect 
2025-07-11 08:12:39 INFO  c.s.f.g.c.AuthChannelInterceptor - 웹소켓 요청 jwt 토큰 검증 : SecurityContextImpl [Authentication=CustomAuthenticationToken [Principal=user002@example.com, Credentials=[PROTECTED], Authenticated=true, Details=null, Granted Authorities=[ROLE_MEMBER]]; userId=2]
2025-07-11 08:12:39 INFO  c.s.f.g.c.AuthChannelInterceptor - SUBSCRIBE 요청: sessionId=6674d0b8-e7a5-0e8d-f5cb-3540db67edb9, destination=/topic/bidding/3
2025-07-11 08:12:39 INFO  c.s.f.g.c.AuthChannelInterceptor - accessor.getSessionAttributes().get("userAuthentication")CustomAuthenticationToken [Principal=user002@example.com, Credentials=[PROTECTED], Authenticated=true, Details=null, Granted Authorities=[ROLE_MEMBER]]; userId=2
2025-07-11 08:12:39 INFO  c.s.f.g.c.AuthChannelInterceptor - SUBSCRIBE 시 유저 인증 존재함: CustomAuthenticationToken [Principal=user002@example.com, Credentials=[PROTECTED], Authenticated=true, Details=null, Granted Authorities=[ROLE_MEMBER]]; userId=2
2025-07-11 08:12:59 INFO  c.s.f.g.kafka.KafkaMessageController - 트랜잭션 상태 확인: 비활성화됨
2025-07-11 08:12:59 WARN  c.s.f.g.kafka.KafkaMessageController - 트랜잭션이 활성화되지 않았습니다. 트랜잭션이 필요한 작업입니다.
2025-07-11 08:12:59 INFO  c.s.f.g.kafka.KafkaMessageController - 웹소켓에서 추출한 유저 : MemberProfile(id=2, email=user002@example.com, password=$2a$10$VhxIZ4vfJRMvVtdN5jJktuO3JAhnbUIzqKvWgGYyfvx1r.ER8nHNm, role=ROLE_MEMBER, nickname=a, thumbnail=https://fullerting-s3-v2.s3.ap-northeast-2.amazonaws.com/default_thumnail.svg, rank=새싹, location=서울 영등포구 여의도동, authProvider=MYAPP)
2025-07-11 08:12:59 INFO  c.s.f.g.kafka.KafkaMessageController - in MEssagemapping
2025-07-11 08:12:59 INFO  c.s.f.g.kafka.KafkaMessageController - Message [21] sent by member: 3 to bidding room: {}
2025-07-11 08:12:59 INFO  c.s.f.g.kafka.KafkaMessageController - 리디렉트 URL: http://localhost:5173/trade/3/buyer
2025-07-11 08:12:59 INFO  c.s.f.g.kafka.BidProducerService - 카프카로 입찰 신청을 전송했습니다: BidRequestMessage(exArticleId=3, dealCurPrice=21, bidderUserName=a)
2025-07-11 08:12:59 INFO  c.s.f.g.kafka.BidConsumerService - 입찰 요청 수신 - 게시글 ID: 3, 입찰가: 21, 사용자: a
2025-07-11 08:12:59 INFO  c.s.f.g.kafka.BidProducerService - Deal current price: 21
2025-07-11 08:12:59 INFO  c.s.f.g.kafka.BidProducerService - kafka messagemessagemessage{"userid":2,"articleid":3,"redirectUrl":"/some/redirect/url","price":21,"localDateTime":null}
2025-07-11 08:13:00 INFO  c.s.f.g.kafka.BidProducerService - Message sent to topic kafka-alarm with offset 19 in 162 ms
2025-07-11 08:13:00 INFO  c.s.f.g.kafka.BidConsumerService - Received notification: {"userid":2,"articleid":3,"redirectUrl":"/some/redirect/url","price":21,"localDateTime":null} at 1752189180087
2025-07-11 08:13:00 INFO  c.s.f.g.kafka.BidConsumerService - in try
2025-07-11 08:13:00 INFO  c.s.f.bidLog.service.BidService - ? Redis hash size=3
2025-07-11 08:13:00 INFO  c.s.f.bidLog.service.BidService - ? Redis entries={bidLogId=20, topBidderId=2, currentPrice=21}
2025-07-11 08:13:00 INFO  c.s.f.bidLog.service.BidService - ? Redis entries={bidLogId=20, topBidderId=2, currentPrice=21}
2025-07-11 08:13:00 INFO  c.s.f.bidLog.service.BidService - ? [Mongo] 저장된 입찰 로그 ID: 20
2025-07-11 08:13:00 INFO  c.s.f.bidLog.service.BidService - ? [WebSocket] 입찰 요청 - 사용자 ID: 2, 입찰가: 21, 게시글 ID: 3
2025-07-11 08:13:00 INFO  c.s.f.bidLog.service.BidService - ? [Mongo] 입찰 로그 저장 확인 완료. 가격: 21
2025-07-11 08:13:00 INFO  c.s.f.bidLog.service.BidService - price21
2025-07-11 08:13:00 INFO  c.s.f.bidLog.service.BidService - ? [WebSocket] 입찰 요청 - 사용자 ID: 2, 입찰가: 21, 게시글 ID: 3
2025-07-11 08:13:01 INFO  c.s.f.a.service.EventAlarmService - 이벤트 알람 도착 : EventAlarm(alarmId=17, receiveUser=MemberProfile(id=1, email=user001@example.com, password=$2a$10$g6V4pqXe0RK/mi9RmiIF0.MwmtpVJ0W4CoUmBj5dP7RevobH0vlWK, role=ROLE_MEMBER, nickname=w, thumbnail=https://fullerting-s3-v2.s3.ap-northeast-2.amazonaws.com/default_thumnail.svg, rank=새싹, location=서울 영등포구 여의도동, authProvider=MYAPP), sendUser=MemberProfile(id=2, email=user002@example.com, password=$2a$10$VhxIZ4vfJRMvVtdN5jJktuO3JAhnbUIzqKvWgGYyfvx1r.ER8nHNm, role=ROLE_MEMBER, nickname=a, thumbnail=https://fullerting-s3-v2.s3.ap-northeast-2.amazonaws.com/default_thumnail.svg, rank=새싹, location=서울 영등포구 여의도동, authProvider=MYAPP), type=작물거래, content=a님이 #0524#에 채팅을 보냈어요!, createdAt=2025-07-11T08:13:00.968548, isChecked=false, redirect=/some/redirect/url) 
2025-07-11 08:13:01 WARN  c.s.f.a.s.EventAlarmNotificationService - SSE 전송 시도 실패: 사용자 1에 대한 Emitter 없음
